Build started 3/27/2016 12:41:03 PM.
     1>Project "C:\Users\Ira\Dev\Protobyte_0.1.5_quark\Protobyte\Projects\Octopod01\Octopod01.vcxproj" on node 2 (Build target(s)).
     1>ClCompile:
         C:\Program Files (x86)\Microsoft Visual Studio 12.0\VC\bin\CL.exe /c /I..\..\ProtoInclude /I..\..\OtherLib\libtess2\Include /I"..\..\OtherLib\glew-1.10.0\glew-1.10.0\include" /I"..\..\OtherLib\glfw-3.0.4.bin.WIN32\include" /I..\..\OtherLib\glm /I..\..\OtherLib\FreeImage.WIN32\Dist\x32 /I..\..\OtherLib\dirent\include /I..\..\OtherLib\libTriangle\include /ZI /nologo /W3 /WX- /sdl /Od /Oy- /D _MBCS /Gm /EHsc /RTC1 /MDd /GS /fp:precise /Zc:wchar_t /Zc:forScope /Fo"Debug\\" /Fd"Debug\vc120.pdb" /Gd /TP /analyze- /errorReport:prompt ..\..\ProtoSrc\ProtoBaseApp.cpp ..\..\ProtoSrc\ProtoPath2.cpp ..\..\ProtoSrc\ProtoPlasm.cpp ..\..\ProtoSrc\ProtoUtility.cpp ProtoController.cpp ProtoMain.cpp
         ProtoMain.cpp
     1>c:\program files (x86)\windows kits\8.1\include\shared\minwindef.h(130): warning C4005: 'APIENTRY' : macro redefinition
                 c:\users\ira\dev\protobyte_0.1.5_quark\protobyte\otherlib\glfw-3.0.4.bin.win32\include\glfw\glfw3.h(92) : see previous definition of 'APIENTRY'
     1>c:\users\ira\dev\protobyte_0.1.5_quark\protobyte\protoinclude\protodimension3.h(28): warning C4067: unexpected tokens following preprocessor directive - expected a newline
     1>c:\users\ira\dev\protobyte_0.1.5_quark\protobyte\protoinclude\protoshape3.h(55): warning C4005: 'GetCurrentDir' : macro redefinition
                 c:\users\ira\dev\protobyte_0.1.5_quark\protobyte\protoinclude\protoutility.h(62) : see previous definition of 'GetCurrentDir'
     1>c:\users\ira\dev\protobyte_0.1.5_quark\protobyte\protoinclude\protogeomset.h(63): warning C4018: '<' : signed/unsigned mismatch
     1>c:\users\ira\dev\protobyte_0.1.5_quark\protobyte\protoinclude\protogeom3.h(334): warning C4018: '<' : signed/unsigned mismatch
     1>c:\users\ira\dev\protobyte_0.1.5_quark\protobyte\protoinclude\protolight.h(93): warning C4305: '=' : truncation from 'double' to 'float'
     1>c:\users\ira\dev\protobyte_0.1.5_quark\protobyte\protoinclude\protoworld.h(324): warning C4305: 'argument' : truncation from 'double' to 'float'
     1>c:\users\ira\dev\protobyte_0.1.5_quark\protobyte\protoinclude\prototoroid.h(60): warning C4305: 'initializing' : truncation from 'double' to 'float'
     1>c:\users\ira\dev\protobyte_0.1.5_quark\protobyte\protoinclude\protocephalopod.h(128): warning C4244: 'return' : conversion from 'time_t' to 'long', possible loss of data
     1>c:\users\ira\dev\protobyte_0.1.5_quark\protobyte\protoinclude\protobaseapp.h(466): warning C4237: 'export' keyword is not yet supported, but reserved for future use
     1>c:\users\ira\dev\protobyte_0.1.5_quark\protobyte\protoinclude\protobaseapp.h(469): warning C4237: 'export' keyword is not yet supported, but reserved for future use
     1>c:\users\ira\dev\protobyte_0.1.5_quark\protobyte\protoinclude\protobaseapp.h(470): warning C4237: 'export' keyword is not yet supported, but reserved for future use
     1>c:\users\ira\dev\protobyte_0.1.5_quark\protobyte\protoinclude\protobaseapp.h(471): warning C4237: 'export' keyword is not yet supported, but reserved for future use
     1>c:\users\ira\dev\protobyte_0.1.5_quark\protobyte\protoinclude\protobaseapp.h(472): warning C4237: 'export' keyword is not yet supported, but reserved for future use
     1>c:\users\ira\dev\protobyte_0.1.5_quark\protobyte\protoinclude\protobaseapp.h(475): warning C4237: 'export' keyword is not yet supported, but reserved for future use
     1>c:\users\ira\dev\protobyte_0.1.5_quark\protobyte\protoinclude\protobaseapp.h(699): warning C4244: '=' : conversion from 'float' to 'int', possible loss of data
         ProtoController.cpp
     1>c:\users\ira\dev\protobyte_0.1.5_quark\protobyte\protoinclude\protodimension3.h(28): warning C4067: unexpected tokens following preprocessor directive - expected a newline
     1>c:\users\ira\dev\protobyte_0.1.5_quark\protobyte\protoinclude\protoshape3.h(55): warning C4005: 'GetCurrentDir' : macro redefinition
                 c:\users\ira\dev\protobyte_0.1.5_quark\protobyte\protoinclude\protoutility.h(62) : see previous definition of 'GetCurrentDir'
     1>c:\users\ira\dev\protobyte_0.1.5_quark\protobyte\protoinclude\protogeomset.h(63): warning C4018: '<' : signed/unsigned mismatch
     1>c:\users\ira\dev\protobyte_0.1.5_quark\protobyte\protoinclude\protogeom3.h(334): warning C4018: '<' : signed/unsigned mismatch
     1>c:\users\ira\dev\protobyte_0.1.5_quark\protobyte\protoinclude\protolight.h(93): warning C4305: '=' : truncation from 'double' to 'float'
     1>c:\users\ira\dev\protobyte_0.1.5_quark\protobyte\protoinclude\protoworld.h(324): warning C4305: 'argument' : truncation from 'double' to 'float'
     1>c:\users\ira\dev\protobyte_0.1.5_quark\protobyte\protoinclude\prototoroid.h(60): warning C4305: 'initializing' : truncation from 'double' to 'float'
     1>c:\users\ira\dev\protobyte_0.1.5_quark\protobyte\protoinclude\protocephalopod.h(128): warning C4244: 'return' : conversion from 'time_t' to 'long', possible loss of data
     1>c:\users\ira\dev\protobyte_0.1.5_quark\protobyte\protoinclude\protobaseapp.h(466): warning C4237: 'export' keyword is not yet supported, but reserved for future use
     1>c:\users\ira\dev\protobyte_0.1.5_quark\protobyte\protoinclude\protobaseapp.h(469): warning C4237: 'export' keyword is not yet supported, but reserved for future use
     1>c:\users\ira\dev\protobyte_0.1.5_quark\protobyte\protoinclude\protobaseapp.h(470): warning C4237: 'export' keyword is not yet supported, but reserved for future use
     1>c:\users\ira\dev\protobyte_0.1.5_quark\protobyte\protoinclude\protobaseapp.h(471): warning C4237: 'export' keyword is not yet supported, but reserved for future use
     1>c:\users\ira\dev\protobyte_0.1.5_quark\protobyte\protoinclude\protobaseapp.h(472): warning C4237: 'export' keyword is not yet supported, but reserved for future use
     1>c:\users\ira\dev\protobyte_0.1.5_quark\protobyte\protoinclude\protobaseapp.h(475): warning C4237: 'export' keyword is not yet supported, but reserved for future use
     1>c:\users\ira\dev\protobyte_0.1.5_quark\protobyte\protoinclude\protobaseapp.h(699): warning C4244: '=' : conversion from 'float' to 'int', possible loss of data
     1>c:\users\ira\dev\protobyte_0.1.5_quark\protobyte\projects\octopod01\protocontroller.cpp(7): warning C4305: 'argument' : truncation from 'double' to 'float'
         ProtoUtility.cpp
     1>c:\users\ira\dev\protobyte_0.1.5_quark\protobyte\protosrc\protoutility.cpp(211): warning C4101: 'length_of_arg' : unreferenced local variable
         ProtoPlasm.cpp
     1>c:\program files (x86)\windows kits\8.1\include\shared\minwindef.h(130): warning C4005: 'APIENTRY' : macro redefinition
                 c:\users\ira\dev\protobyte_0.1.5_quark\protobyte\otherlib\glfw-3.0.4.bin.win32\include\glfw\glfw3.h(92) : see previous definition of 'APIENTRY'
     1>c:\users\ira\dev\protobyte_0.1.5_quark\protobyte\protoinclude\protodimension3.h(28): warning C4067: unexpected tokens following preprocessor directive - expected a newline
     1>c:\users\ira\dev\protobyte_0.1.5_quark\protobyte\protoinclude\protoshape3.h(55): warning C4005: 'GetCurrentDir' : macro redefinition
                 c:\users\ira\dev\protobyte_0.1.5_quark\protobyte\protoinclude\protoutility.h(62) : see previous definition of 'GetCurrentDir'
     1>c:\users\ira\dev\protobyte_0.1.5_quark\protobyte\protoinclude\protogeomset.h(63): warning C4018: '<' : signed/unsigned mismatch
     1>c:\users\ira\dev\protobyte_0.1.5_quark\protobyte\protoinclude\protogeom3.h(334): warning C4018: '<' : signed/unsigned mismatch
     1>c:\users\ira\dev\protobyte_0.1.5_quark\protobyte\protoinclude\protolight.h(93): warning C4305: '=' : truncation from 'double' to 'float'
     1>c:\users\ira\dev\protobyte_0.1.5_quark\protobyte\protoinclude\protoworld.h(324): warning C4305: 'argument' : truncation from 'double' to 'float'
     1>c:\users\ira\dev\protobyte_0.1.5_quark\protobyte\protoinclude\prototoroid.h(60): warning C4305: 'initializing' : truncation from 'double' to 'float'
     1>c:\users\ira\dev\protobyte_0.1.5_quark\protobyte\protoinclude\protocephalopod.h(128): warning C4244: 'return' : conversion from 'time_t' to 'long', possible loss of data
     1>c:\users\ira\dev\protobyte_0.1.5_quark\protobyte\protoinclude\protobaseapp.h(466): warning C4237: 'export' keyword is not yet supported, but reserved for future use
     1>c:\users\ira\dev\protobyte_0.1.5_quark\protobyte\protoinclude\protobaseapp.h(469): warning C4237: 'export' keyword is not yet supported, but reserved for future use
     1>c:\users\ira\dev\protobyte_0.1.5_quark\protobyte\protoinclude\protobaseapp.h(470): warning C4237: 'export' keyword is not yet supported, but reserved for future use
     1>c:\users\ira\dev\protobyte_0.1.5_quark\protobyte\protoinclude\protobaseapp.h(471): warning C4237: 'export' keyword is not yet supported, but reserved for future use
     1>c:\users\ira\dev\protobyte_0.1.5_quark\protobyte\protoinclude\protobaseapp.h(472): warning C4237: 'export' keyword is not yet supported, but reserved for future use
     1>c:\users\ira\dev\protobyte_0.1.5_quark\protobyte\protoinclude\protobaseapp.h(475): warning C4237: 'export' keyword is not yet supported, but reserved for future use
     1>c:\users\ira\dev\protobyte_0.1.5_quark\protobyte\protoinclude\protobaseapp.h(699): warning C4244: '=' : conversion from 'float' to 'int', possible loss of data
     1>c:\users\ira\dev\protobyte_0.1.5_quark\protobyte\protosrc\protoplasm.cpp(235): warning C4244: 'argument' : conversion from 'int' to 'float', possible loss of data
     1>c:\users\ira\dev\protobyte_0.1.5_quark\protobyte\protoinclude\protovector4.h(214): warning C4244: 'argument' : conversion from 'int' to 'float', possible loss of data
                 c:\users\ira\dev\protobyte_0.1.5_quark\protobyte\protoinclude\protovector4.h(212) : while compiling class template member function 'ijg::ProtoVector4<int>::ProtoVector4(T,T,T,T,ijg::ProtoVector4<T>::RandFlag)'
                 with
                 [
                     T=int
                 ]
                 c:\users\ira\dev\protobyte_0.1.5_quark\protobyte\protosrc\protoplasm.cpp(238) : see reference to function template instantiation 'ijg::ProtoVector4<int>::ProtoVector4(T,T,T,T,ijg::ProtoVector4<T>::RandFlag)' being compiled
                 with
                 [
                     T=int
                 ]
                 c:\users\ira\dev\protobyte_0.1.5_quark\protobyte\protoinclude\protobaseapp.h(151) : see reference to class template instantiation 'ijg::ProtoVector4<int>' being compiled
     1>c:\users\ira\dev\protobyte_0.1.5_quark\protobyte\protoinclude\protovector4.h(214): warning C4244: '=' : conversion from 'float' to 'int', possible loss of data
     1>c:\users\ira\dev\protobyte_0.1.5_quark\protobyte\protoinclude\protovector4.h(215): warning C4244: 'argument' : conversion from 'int' to 'float', possible loss of data
     1>c:\users\ira\dev\protobyte_0.1.5_quark\protobyte\protoinclude\protovector4.h(215): warning C4244: '=' : conversion from 'float' to 'int', possible loss of data
     1>c:\users\ira\dev\protobyte_0.1.5_quark\protobyte\protoinclude\protovector4.h(216): warning C4244: 'argument' : conversion from 'int' to 'float', possible loss of data
     1>c:\users\ira\dev\protobyte_0.1.5_quark\protobyte\protoinclude\protovector4.h(216): warning C4244: '=' : conversion from 'float' to 'int', possible loss of data
     1>c:\users\ira\dev\protobyte_0.1.5_quark\protobyte\protoinclude\protovector4.h(217): warning C4244: 'argument' : conversion from 'int' to 'float', possible loss of data
     1>c:\users\ira\dev\protobyte_0.1.5_quark\protobyte\protoinclude\protovector4.h(217): warning C4244: '=' : conversion from 'float' to 'int', possible loss of data
         ProtoPath2.cpp
     1>c:\users\ira\dev\protobyte_0.1.5_quark\protobyte\protoinclude\protodimension3.h(28): warning C4067: unexpected tokens following preprocessor directive - expected a newline
     1>c:\users\ira\dev\protobyte_0.1.5_quark\protobyte\protoinclude\protoshape3.h(55): warning C4005: 'GetCurrentDir' : macro redefinition
                 c:\users\ira\dev\protobyte_0.1.5_quark\protobyte\protoinclude\protoutility.h(62) : see previous definition of 'GetCurrentDir'
     1>c:\users\ira\dev\protobyte_0.1.5_quark\protobyte\protoinclude\protogeomset.h(63): warning C4018: '<' : signed/unsigned mismatch
     1>c:\users\ira\dev\protobyte_0.1.5_quark\protobyte\protoinclude\protogeom3.h(334): warning C4018: '<' : signed/unsigned mismatch
     1>c:\users\ira\dev\protobyte_0.1.5_quark\protobyte\protoinclude\protolight.h(93): warning C4305: '=' : truncation from 'double' to 'float'
     1>c:\users\ira\dev\protobyte_0.1.5_quark\protobyte\protoinclude\protoworld.h(324): warning C4305: 'argument' : truncation from 'double' to 'float'
     1>c:\users\ira\dev\protobyte_0.1.5_quark\protobyte\protoinclude\prototoroid.h(60): warning C4305: 'initializing' : truncation from 'double' to 'float'
     1>c:\users\ira\dev\protobyte_0.1.5_quark\protobyte\protoinclude\protocephalopod.h(128): warning C4244: 'return' : conversion from 'time_t' to 'long', possible loss of data
     1>c:\users\ira\dev\protobyte_0.1.5_quark\protobyte\protoinclude\protobaseapp.h(466): warning C4237: 'export' keyword is not yet supported, but reserved for future use
     1>c:\users\ira\dev\protobyte_0.1.5_quark\protobyte\protoinclude\protobaseapp.h(469): warning C4237: 'export' keyword is not yet supported, but reserved for future use
     1>c:\users\ira\dev\protobyte_0.1.5_quark\protobyte\protoinclude\protobaseapp.h(470): warning C4237: 'export' keyword is not yet supported, but reserved for future use
     1>c:\users\ira\dev\protobyte_0.1.5_quark\protobyte\protoinclude\protobaseapp.h(471): warning C4237: 'export' keyword is not yet supported, but reserved for future use
     1>c:\users\ira\dev\protobyte_0.1.5_quark\protobyte\protoinclude\protobaseapp.h(472): warning C4237: 'export' keyword is not yet supported, but reserved for future use
     1>c:\users\ira\dev\protobyte_0.1.5_quark\protobyte\protoinclude\protobaseapp.h(475): warning C4237: 'export' keyword is not yet supported, but reserved for future use
     1>c:\users\ira\dev\protobyte_0.1.5_quark\protobyte\protoinclude\protobaseapp.h(699): warning C4244: '=' : conversion from 'float' to 'int', possible loss of data
     1>c:\users\ira\dev\protobyte_0.1.5_quark\protobyte\protosrc\protopath2.cpp(139): warning C4018: '<' : signed/unsigned mismatch
     1>c:\users\ira\dev\protobyte_0.1.5_quark\protobyte\protosrc\protopath2.cpp(157): warning C4018: '<' : signed/unsigned mismatch
     1>c:\users\ira\dev\protobyte_0.1.5_quark\protobyte\protosrc\protopath2.cpp(183): warning C4018: '<' : signed/unsigned mismatch
         ProtoBaseApp.cpp
     1>c:\users\ira\dev\protobyte_0.1.5_quark\protobyte\protoinclude\protodimension3.h(28): warning C4067: unexpected tokens following preprocessor directive - expected a newline
     1>c:\users\ira\dev\protobyte_0.1.5_quark\protobyte\protoinclude\protoshape3.h(55): warning C4005: 'GetCurrentDir' : macro redefinition
                 c:\users\ira\dev\protobyte_0.1.5_quark\protobyte\protoinclude\protoutility.h(62) : see previous definition of 'GetCurrentDir'
     1>c:\users\ira\dev\protobyte_0.1.5_quark\protobyte\protoinclude\protogeomset.h(63): warning C4018: '<' : signed/unsigned mismatch
     1>c:\users\ira\dev\protobyte_0.1.5_quark\protobyte\protoinclude\protogeom3.h(334): warning C4018: '<' : signed/unsigned mismatch
     1>c:\users\ira\dev\protobyte_0.1.5_quark\protobyte\protoinclude\protolight.h(93): warning C4305: '=' : truncation from 'double' to 'float'
     1>c:\users\ira\dev\protobyte_0.1.5_quark\protobyte\protoinclude\protoworld.h(324): warning C4305: 'argument' : truncation from 'double' to 'float'
     1>c:\users\ira\dev\protobyte_0.1.5_quark\protobyte\protoinclude\prototoroid.h(60): warning C4305: 'initializing' : truncation from 'double' to 'float'
     1>c:\users\ira\dev\protobyte_0.1.5_quark\protobyte\protoinclude\protocephalopod.h(128): warning C4244: 'return' : conversion from 'time_t' to 'long', possible loss of data
     1>c:\users\ira\dev\protobyte_0.1.5_quark\protobyte\protoinclude\protobaseapp.h(466): warning C4237: 'export' keyword is not yet supported, but reserved for future use
     1>c:\users\ira\dev\protobyte_0.1.5_quark\protobyte\protoinclude\protobaseapp.h(469): warning C4237: 'export' keyword is not yet supported, but reserved for future use
     1>c:\users\ira\dev\protobyte_0.1.5_quark\protobyte\protoinclude\protobaseapp.h(470): warning C4237: 'export' keyword is not yet supported, but reserved for future use
     1>c:\users\ira\dev\protobyte_0.1.5_quark\protobyte\protoinclude\protobaseapp.h(471): warning C4237: 'export' keyword is not yet supported, but reserved for future use
     1>c:\users\ira\dev\protobyte_0.1.5_quark\protobyte\protoinclude\protobaseapp.h(472): warning C4237: 'export' keyword is not yet supported, but reserved for future use
     1>c:\users\ira\dev\protobyte_0.1.5_quark\protobyte\protoinclude\protobaseapp.h(475): warning C4237: 'export' keyword is not yet supported, but reserved for future use
     1>c:\users\ira\dev\protobyte_0.1.5_quark\protobyte\protoinclude\protobaseapp.h(699): warning C4244: '=' : conversion from 'float' to 'int', possible loss of data
     1>c:\users\ira\dev\protobyte_0.1.5_quark\protobyte\protosrc\protobaseapp.cpp(138): warning C4244: '=' : conversion from 'int' to 'float', possible loss of data
     1>c:\users\ira\dev\protobyte_0.1.5_quark\protobyte\protosrc\protobaseapp.cpp(139): warning C4244: '=' : conversion from 'int' to 'float', possible loss of data
     1>c:\users\ira\dev\protobyte_0.1.5_quark\protobyte\protosrc\protobaseapp.cpp(140): warning C4244: '=' : conversion from 'int' to 'float', possible loss of data
     1>c:\users\ira\dev\protobyte_0.1.5_quark\protobyte\protosrc\protobaseapp.cpp(141): warning C4244: '=' : conversion from 'int' to 'float', possible loss of data
     1>c:\users\ira\dev\protobyte_0.1.5_quark\protobyte\protosrc\protobaseapp.cpp(177): warning C4244: 'initializing' : conversion from 'int' to 'float', possible loss of data
     1>c:\users\ira\dev\protobyte_0.1.5_quark\protobyte\protosrc\protobaseapp.cpp(352): warning C4244: '+=' : conversion from 'const double' to 'float', possible loss of data
     1>c:\users\ira\dev\protobyte_0.1.5_quark\protobyte\protosrc\protobaseapp.cpp(400): warning C4244: '+=' : conversion from 'const double' to 'float', possible loss of data
     1>c:\users\ira\dev\protobyte_0.1.5_quark\protobyte\protosrc\protobaseapp.cpp(511): warning C4244: 'argument' : conversion from 'double' to 'float', possible loss of data
     1>c:\users\ira\dev\protobyte_0.1.5_quark\protobyte\protosrc\protobaseapp.cpp(512): warning C4244: 'argument' : conversion from 'double' to 'float', possible loss of data
     1>c:\users\ira\dev\protobyte_0.1.5_quark\protobyte\protosrc\protobaseapp.cpp(513): warning C4244: 'argument' : conversion from 'double' to 'float', possible loss of data
     1>c:\users\ira\dev\protobyte_0.1.5_quark\protobyte\protosrc\protobaseapp.cpp(516): warning C4244: 'argument' : conversion from 'double' to 'float', possible loss of data
     1>c:\users\ira\dev\protobyte_0.1.5_quark\protobyte\protosrc\protobaseapp.cpp(517): warning C4244: 'argument' : conversion from 'double' to 'float', possible loss of data
     1>c:\users\ira\dev\protobyte_0.1.5_quark\protobyte\protosrc\protobaseapp.cpp(518): warning C4244: 'argument' : conversion from 'double' to 'float', possible loss of data
     1>c:\users\ira\dev\protobyte_0.1.5_quark\protobyte\protosrc\protobaseapp.cpp(519): warning C4244: 'argument' : conversion from 'double' to 'float', possible loss of data
     1>c:\users\ira\dev\protobyte_0.1.5_quark\protobyte\protosrc\protobaseapp.cpp(523): warning C4244: 'argument' : conversion from 'double' to 'float', possible loss of data
     1>c:\users\ira\dev\protobyte_0.1.5_quark\protobyte\protosrc\protobaseapp.cpp(524): warning C4244: 'argument' : conversion from 'double' to 'float', possible loss of data
     1>c:\users\ira\dev\protobyte_0.1.5_quark\protobyte\protosrc\protobaseapp.cpp(525): warning C4244: 'argument' : conversion from 'double' to 'float', possible loss of data
     1>c:\users\ira\dev\protobyte_0.1.5_quark\protobyte\protosrc\protobaseapp.cpp(528): warning C4244: 'argument' : conversion from 'double' to 'float', possible loss of data
     1>c:\users\ira\dev\protobyte_0.1.5_quark\protobyte\protosrc\protobaseapp.cpp(530): warning C4244: 'argument' : conversion from 'double' to 'float', possible loss of data
     1>c:\users\ira\dev\protobyte_0.1.5_quark\protobyte\protosrc\protobaseapp.cpp(531): warning C4244: 'argument' : conversion from 'double' to 'float', possible loss of data
     1>c:\users\ira\dev\protobyte_0.1.5_quark\protobyte\protosrc\protobaseapp.cpp(534): warning C4244: 'argument' : conversion from 'double' to 'float', possible loss of data
     1>c:\users\ira\dev\protobyte_0.1.5_quark\protobyte\protosrc\protobaseapp.cpp(535): warning C4244: 'argument' : conversion from 'double' to 'float', possible loss of data
     1>c:\users\ira\dev\protobyte_0.1.5_quark\protobyte\protosrc\protobaseapp.cpp(536): warning C4244: 'argument' : conversion from 'double' to 'float', possible loss of data
     1>c:\users\ira\dev\protobyte_0.1.5_quark\protobyte\protosrc\protobaseapp.cpp(541): warning C4244: 'argument' : conversion from 'double' to 'float', possible loss of data
     1>c:\users\ira\dev\protobyte_0.1.5_quark\protobyte\protosrc\protobaseapp.cpp(542): warning C4244: 'argument' : conversion from 'double' to 'float', possible loss of data
     1>c:\users\ira\dev\protobyte_0.1.5_quark\protobyte\protosrc\protobaseapp.cpp(543): warning C4244: 'argument' : conversion from 'double' to 'float', possible loss of data
     1>c:\users\ira\dev\protobyte_0.1.5_quark\protobyte\protosrc\protobaseapp.cpp(1599): warning C4244: 'argument' : conversion from 'double' to 'float', possible loss of data
     1>c:\users\ira\dev\protobyte_0.1.5_quark\protobyte\protosrc\protobaseapp.cpp(1600): warning C4244: 'argument' : conversion from 'double' to 'float', possible loss of data
     1>c:\users\ira\dev\protobyte_0.1.5_quark\protobyte\protosrc\protobaseapp.cpp(1606): warning C4244: '+=' : conversion from 'const double' to 'float', possible loss of data
     1>c:\users\ira\dev\protobyte_0.1.5_quark\protobyte\protosrc\protobaseapp.cpp(1610): warning C4018: '<' : signed/unsigned mismatch
     1>c:\users\ira\dev\protobyte_0.1.5_quark\protobyte\protosrc\protobaseapp.cpp(1632): warning C4018: '<' : signed/unsigned mismatch
     1>c:\users\ira\dev\protobyte_0.1.5_quark\protobyte\protosrc\protobaseapp.cpp(1763): warning C4018: '<' : signed/unsigned mismatch
     1>c:\users\ira\dev\protobyte_0.1.5_quark\protobyte\protosrc\protobaseapp.cpp(1773): warning C4244: 'initializing' : conversion from 'double' to 'float', possible loss of data
     1>c:\users\ira\dev\protobyte_0.1.5_quark\protobyte\protosrc\protobaseapp.cpp(1798): warning C4018: '<' : signed/unsigned mismatch
     1>c:\users\ira\dev\protobyte_0.1.5_quark\protobyte\protosrc\protobaseapp.cpp(1807): warning C4018: '<' : signed/unsigned mismatch
     1>c:\users\ira\dev\protobyte_0.1.5_quark\protobyte\protosrc\protobaseapp.cpp(2139): warning C4237: 'export' keyword is not yet supported, but reserved for future use
     1>c:\users\ira\dev\protobyte_0.1.5_quark\protobyte\protosrc\protobaseapp.cpp(2162): warning C4018: '<' : signed/unsigned mismatch
     1>c:\users\ira\dev\protobyte_0.1.5_quark\protobyte\protosrc\protobaseapp.cpp(2478): warning C4101: 'gl_texID' : unreferenced local variable
         Generating Code...
       Link:
         C:\Program Files (x86)\Microsoft Visual Studio 12.0\VC\bin\link.exe /ERRORREPORT:PROMPT /OUT:"C:\Users\Ira\Dev\Protobyte_0.1.5_quark\Protobyte\Projects\Octopod01\Debug\Octopod01.exe" /INCREMENTAL /NOLOGO /LIBPATH:..\..\ProtoSrc /LIBPATH:"..\..\OtherLib\glfw-3.0.4.bin.WIN32\lib-msvc110" /LIBPATH:"..\..\OtherLib\glew-1.10.0\glew-1.10.0\lib\Release\Win32" /LIBPATH:..\..\OtherLib\FreeImage.WIN32\Dist\x32 /LIBPATH:..\..\OtherLib\libTriangle\lib glew32s.lib opengl32.lib glu32.lib glfw3.lib FreeImaged.lib ws2_32.lib Winmm.lib triangle.lib kernel32.lib user32.lib gdi32.lib winspool.lib comdlg32.lib advapi32.lib shell32.lib ole32.lib oleaut32.lib uuid.lib odbc32.lib odbccp32.lib /MANIFEST /MANIFESTUAC:"level='asInvoker' uiAccess='false'" /manifest:embed /DEBUG /PDB:"C:\Users\Ira\Dev\Protobyte_0.1.5_quark\Protobyte\Projects\Octopod01\Debug\Octopod01.pdb" /TLBID:1 /DYNAMICBASE /NXCOMPAT /IMPLIB:"C:\Users\Ira\Dev\Protobyte_0.1.5_quark\Protobyte\Projects\Octopod01\Debug\Octopod01.lib" /MACHINE:X86 Debug\ProtoBaseApp.obj
         Debug\ProtoBlock.obj
         Debug\ProtoCamera.obj
         Debug\ProtoCephalopod.obj
         Debug\ProtoCilia.obj
         Debug\ProtoCurve3.obj
         Debug\ProtoCylinder.obj
         Debug\ProtoEllipse.obj
         Debug\ProtoFace3.obj
         Debug\ProtoFrenetFrame.obj
         Debug\ProtoGeom2.obj
         Debug\ProtoGeom3.obj
         Debug\ProtoGeosphere.obj
         Debug\ProtoGroundPlane.obj
         Debug\ProtoJuncusEffusus.obj
         Debug\ProtoLight.obj
         Debug\ProtoMath.obj
         Debug\ProtoPath2.obj
         Debug\ProtoPath3.obj
         Debug\ProtoPlane.obj
         Debug\ProtoPlasm.obj
         Debug\ProtoQuaternion.obj
         Debug\ProtoRenderer.obj
         Debug\ProtoRootBall.obj
         Debug\ProtoShader.obj
         Debug\ProtoShape3.obj
         Debug\ProtoSphere.obj
         Debug\ProtoSpline3.obj
         Debug\ProtoTentacle.obj
         Debug\ProtoTessellator.obj
         Debug\ProtoTexture.obj
         Debug\ProtoToroid.obj
         Debug\ProtoTransformFunction.obj
         Debug\ProtoTube.obj
         Debug\ProtoUtility.obj
         Debug\ProtoVerletBall.obj
         Debug\ProtoVerletStick.obj
         Debug\ProtoVertex3.obj
         Debug\ProtoWorld.obj
         Debug\ProtoController.obj
         Debug\ProtoMain.obj
         LINK : C:\Users\Ira\Dev\Protobyte_0.1.5_quark\Protobyte\Projects\Octopod01\Debug\Octopod01.exe not found or not built by the last incremental link; performing full link
     1>LINK : warning LNK4098: defaultlib 'LIBCMT' conflicts with use of other libs; use /NODEFAULTLIB:library
     1>LINK : warning LNK4098: defaultlib 'MSVCRT' conflicts with use of other libs; use /NODEFAULTLIB:library
     1>glew32s.lib(glew.obj) : warning LNK4099: PDB 'vc100.pdb' was not found with 'glew32s.lib(glew.obj)' or at 'C:\Users\Ira\Dev\Protobyte_0.1.5_quark\Protobyte\Projects\Octopod01\Debug\vc100.pdb'; linking object as if no debug info
         Octopod01.vcxproj -> C:\Users\Ira\Dev\Protobyte_0.1.5_quark\Protobyte\Projects\Octopod01\Debug\Octopod01.exe
     1>Done Building Project "C:\Users\Ira\Dev\Protobyte_0.1.5_quark\Protobyte\Projects\Octopod01\Octopod01.vcxproj" (Build target(s)).

Build succeeded.

Time Elapsed 00:00:06.99
