c:\users\ira\dev\protobyte_0.1.5_quark\protobyte_structure_\protobyte\projects\protoapp\release\vc120.pdb
c:\users\ira\dev\protobyte_0.1.5_quark\protobyte_structure_\protobyte\projects\protoapp\release\protopath3.obj
c:\users\ira\dev\protobyte_0.1.5_quark\protobyte_structure_\protobyte\projects\protoapp\release\protopath2.obj
c:\users\ira\dev\protobyte_0.1.5_quark\protobyte_structure_\protobyte\projects\protoapp\release\protoosc.obj
c:\users\ira\dev\protobyte_0.1.5_quark\protobyte_structure_\protobyte\projects\protoapp\release\protomath.obj
c:\users\ira\dev\protobyte_0.1.5_quark\protobyte_structure_\protobyte\projects\protoapp\release\protolight.obj
c:\users\ira\dev\protobyte_0.1.5_quark\protobyte_structure_\protobyte\projects\protoapp\release\protojuncuseffusus.obj
c:\users\ira\dev\protobyte_0.1.5_quark\protobyte_structure_\protobyte\projects\protoapp\release\protogroundplane.obj
c:\users\ira\dev\protobyte_0.1.5_quark\protobyte_structure_\protobyte\projects\protoapp\release\protogeosphere.obj
c:\users\ira\dev\protobyte_0.1.5_quark\protobyte_structure_\protobyte\projects\protoapp\release\protogeom3.obj
c:\users\ira\dev\protobyte_0.1.5_quark\protobyte_structure_\protobyte\projects\protoapp\release\protogeom2.obj
c:\users\ira\dev\protobyte_0.1.5_quark\protobyte_structure_\protobyte\projects\protoapp\release\protofrenetframe.obj
c:\users\ira\dev\protobyte_0.1.5_quark\protobyte_structure_\protobyte\projects\protoapp\release\protoface3.obj
c:\users\ira\dev\protobyte_0.1.5_quark\protobyte_structure_\protobyte\projects\protoapp\release\protoellipse.obj
c:\users\ira\dev\protobyte_0.1.5_quark\protobyte_structure_\protobyte\projects\protoapp\release\protocylinder.obj
c:\users\ira\dev\protobyte_0.1.5_quark\protobyte_structure_\protobyte\projects\protoapp\release\protocurve3.obj
c:\users\ira\dev\protobyte_0.1.5_quark\protobyte_structure_\protobyte\projects\protoapp\release\protocilia.obj
c:\users\ira\dev\protobyte_0.1.5_quark\protobyte_structure_\protobyte\projects\protoapp\release\protocephalopod.obj
c:\users\ira\dev\protobyte_0.1.5_quark\protobyte_structure_\protobyte\projects\protoapp\release\protocamera.obj
c:\users\ira\dev\protobyte_0.1.5_quark\protobyte_structure_\protobyte\projects\protoapp\release\protoblock.obj
c:\users\ira\dev\protobyte_0.1.5_quark\protobyte_structure_\protobyte\projects\protoapp\release\protobaseapp.obj
c:\users\ira\dev\protobyte_0.1.5_quark\protobyte_structure_\protobyte\projects\protoapp\release\protoworld.obj
c:\users\ira\dev\protobyte_0.1.5_quark\protobyte_structure_\protobyte\projects\protoapp\release\protovertex3.obj
c:\users\ira\dev\protobyte_0.1.5_quark\protobyte_structure_\protobyte\projects\protoapp\release\protoverletstick.obj
c:\users\ira\dev\protobyte_0.1.5_quark\protobyte_structure_\protobyte\projects\protoapp\release\protoverletball.obj
c:\users\ira\dev\protobyte_0.1.5_quark\protobyte_structure_\protobyte\projects\protoapp\release\protoutility.obj
c:\users\ira\dev\protobyte_0.1.5_quark\protobyte_structure_\protobyte\projects\protoapp\release\prototube.obj
c:\users\ira\dev\protobyte_0.1.5_quark\protobyte_structure_\protobyte\projects\protoapp\release\prototransformfunction.obj
c:\users\ira\dev\protobyte_0.1.5_quark\protobyte_structure_\protobyte\projects\protoapp\release\prototoroid.obj
c:\users\ira\dev\protobyte_0.1.5_quark\protobyte_structure_\protobyte\projects\protoapp\release\prototexture.obj
c:\users\ira\dev\protobyte_0.1.5_quark\protobyte_structure_\protobyte\projects\protoapp\release\prototessellator.obj
c:\users\ira\dev\protobyte_0.1.5_quark\protobyte_structure_\protobyte\projects\protoapp\release\prototentacle.obj
c:\users\ira\dev\protobyte_0.1.5_quark\protobyte_structure_\protobyte\projects\protoapp\release\protospline3.obj
c:\users\ira\dev\protobyte_0.1.5_quark\protobyte_structure_\protobyte\projects\protoapp\release\protosphere.obj
c:\users\ira\dev\protobyte_0.1.5_quark\protobyte_structure_\protobyte\projects\protoapp\release\protoshape3.obj
c:\users\ira\dev\protobyte_0.1.5_quark\protobyte_structure_\protobyte\projects\protoapp\release\protoshader.obj
c:\users\ira\dev\protobyte_0.1.5_quark\protobyte_structure_\protobyte\projects\protoapp\release\protorootball.obj
c:\users\ira\dev\protobyte_0.1.5_quark\protobyte_structure_\protobyte\projects\protoapp\release\protorenderer.obj
c:\users\ira\dev\protobyte_0.1.5_quark\protobyte_structure_\protobyte\projects\protoapp\release\protoquaternion.obj
c:\users\ira\dev\protobyte_0.1.5_quark\protobyte_structure_\protobyte\projects\protoapp\release\protoplasm.obj
c:\users\ira\dev\protobyte_0.1.5_quark\protobyte_structure_\protobyte\projects\protoapp\release\protoplane.obj
c:\users\ira\dev\protobyte_0.1.5_quark\protobyte_structure_\protobyte\projects\protoapp\release\protomain.obj
c:\users\ira\dev\protobyte_0.1.5_quark\protobyte_structure_\protobyte\projects\protoapp\release\protoapp.obj
c:\users\ira\dev\protobyte_0.1.5_quark\protobyte_structure_\protobyte\projects\protoapp\release\protoapp.exe
c:\users\ira\dev\protobyte_0.1.5_quark\protobyte_structure_\protobyte\projects\protoapp\release\protoapp.pdb
c:\users\ira\dev\protobyte_0.1.5_quark\protobyte\projects\protoapp\release\protoapp.obj
c:\users\ira\dev\protobyte_0.1.5_quark\protobyte\projects\protoapp\release\protobaseapp.obj
c:\users\ira\dev\protobyte_0.1.5_quark\protobyte\projects\protoapp\release\protoblock.obj
c:\users\ira\dev\protobyte_0.1.5_quark\protobyte\projects\protoapp\release\protocamera.obj
c:\users\ira\dev\protobyte_0.1.5_quark\protobyte\projects\protoapp\release\protocephalopod.obj
c:\users\ira\dev\protobyte_0.1.5_quark\protobyte\projects\protoapp\release\protocilia.obj
c:\users\ira\dev\protobyte_0.1.5_quark\protobyte\projects\protoapp\release\protocurve3.obj
c:\users\ira\dev\protobyte_0.1.5_quark\protobyte\projects\protoapp\release\protocylinder.obj
c:\users\ira\dev\protobyte_0.1.5_quark\protobyte\projects\protoapp\release\protoellipse.obj
c:\users\ira\dev\protobyte_0.1.5_quark\protobyte\projects\protoapp\release\protoface3.obj
c:\users\ira\dev\protobyte_0.1.5_quark\protobyte\projects\protoapp\release\protofrenetframe.obj
c:\users\ira\dev\protobyte_0.1.5_quark\protobyte\projects\protoapp\release\protogeom2.obj
c:\users\ira\dev\protobyte_0.1.5_quark\protobyte\projects\protoapp\release\protogeom3.obj
c:\users\ira\dev\protobyte_0.1.5_quark\protobyte\projects\protoapp\release\protogeosphere.obj
c:\users\ira\dev\protobyte_0.1.5_quark\protobyte\projects\protoapp\release\protogroundplane.obj
c:\users\ira\dev\protobyte_0.1.5_quark\protobyte\projects\protoapp\release\protojuncuseffusus.obj
c:\users\ira\dev\protobyte_0.1.5_quark\protobyte\projects\protoapp\release\protolight.obj
c:\users\ira\dev\protobyte_0.1.5_quark\protobyte\projects\protoapp\release\protomain.obj
c:\users\ira\dev\protobyte_0.1.5_quark\protobyte\projects\protoapp\release\protomath.obj
c:\users\ira\dev\protobyte_0.1.5_quark\protobyte\projects\protoapp\release\protoosc.obj
c:\users\ira\dev\protobyte_0.1.5_quark\protobyte\projects\protoapp\release\protopath2.obj
c:\users\ira\dev\protobyte_0.1.5_quark\protobyte\projects\protoapp\release\protopath3.obj
c:\users\ira\dev\protobyte_0.1.5_quark\protobyte\projects\protoapp\release\protoplane.obj
c:\users\ira\dev\protobyte_0.1.5_quark\protobyte\projects\protoapp\release\protoplasm.obj
c:\users\ira\dev\protobyte_0.1.5_quark\protobyte\projects\protoapp\release\protoquaternion.obj
c:\users\ira\dev\protobyte_0.1.5_quark\protobyte\projects\protoapp\release\protorenderer.obj
c:\users\ira\dev\protobyte_0.1.5_quark\protobyte\projects\protoapp\release\protorootball.obj
c:\users\ira\dev\protobyte_0.1.5_quark\protobyte\projects\protoapp\release\protoshader.obj
c:\users\ira\dev\protobyte_0.1.5_quark\protobyte\projects\protoapp\release\protoshape3.obj
c:\users\ira\dev\protobyte_0.1.5_quark\protobyte\projects\protoapp\release\protosphere.obj
c:\users\ira\dev\protobyte_0.1.5_quark\protobyte\projects\protoapp\release\protospline3.obj
c:\users\ira\dev\protobyte_0.1.5_quark\protobyte\projects\protoapp\release\prototentacle.obj
c:\users\ira\dev\protobyte_0.1.5_quark\protobyte\projects\protoapp\release\prototessellator.obj
c:\users\ira\dev\protobyte_0.1.5_quark\protobyte\projects\protoapp\release\prototexture.obj
c:\users\ira\dev\protobyte_0.1.5_quark\protobyte\projects\protoapp\release\prototoroid.obj
c:\users\ira\dev\protobyte_0.1.5_quark\protobyte\projects\protoapp\release\prototransformfunction.obj
c:\users\ira\dev\protobyte_0.1.5_quark\protobyte\projects\protoapp\release\prototube.obj
c:\users\ira\dev\protobyte_0.1.5_quark\protobyte\projects\protoapp\release\protoutility.obj
c:\users\ira\dev\protobyte_0.1.5_quark\protobyte\projects\protoapp\release\protoverletball.obj
c:\users\ira\dev\protobyte_0.1.5_quark\protobyte\projects\protoapp\release\protoverletstick.obj
c:\users\ira\dev\protobyte_0.1.5_quark\protobyte\projects\protoapp\release\protovertex3.obj
c:\users\ira\dev\protobyte_0.1.5_quark\protobyte\projects\protoapp\release\protoworld.obj
c:\users\ira\dev\protobyte_0.1.5_quark\protobyte\projects\protoapp\release\protoapp.pdb
c:\users\ira\dev\protobyte_0.1.5_quark\protobyte\projects\protoapp\release\vc120.pdb
c:\users\ira\dev\protobyte_0.1.5_quark\protobyte\projects\protoapp\release\protoapp.exe
c:\users\ira\dev\protobyte_0.1.5_quark\protobyte\projects\protoapp\release\protoapp.tlog\cl.command.1.tlog
c:\users\ira\dev\protobyte_0.1.5_quark\protobyte\projects\protoapp\release\protoapp.tlog\cl.read.1.tlog
c:\users\ira\dev\protobyte_0.1.5_quark\protobyte\projects\protoapp\release\protoapp.tlog\cl.write.1.tlog
c:\users\ira\dev\protobyte_0.1.5_quark\protobyte\projects\protoapp\release\protoapp.tlog\link.command.1.tlog
c:\users\ira\dev\protobyte_0.1.5_quark\protobyte\projects\protoapp\release\protoapp.tlog\link.read.1.tlog
c:\users\ira\dev\protobyte_0.1.5_quark\protobyte\projects\protoapp\release\protoapp.tlog\link.write.1.tlog
