Build started 6/20/2015 10:09:49 PM.
     1>Project "C:\Users\Ira\Dev\Protobyte_0.1.5_quark\Protobyte\Projects\FacetedSphere\FacetedSphere.vcxproj" on node 2 (Build target(s)).
     1>ClCompile:
         C:\Program Files (x86)\Microsoft Visual Studio 12.0\VC\bin\CL.exe /c /I..\..\ProtoInclude /I..\..\OtherLib\libtess2\Include /I"..\..\OtherLib\glew-1.10.0\glew-1.10.0\include" /I"..\..\OtherLib\glfw-3.0.4.bin.WIN32\include" /I..\..\OtherLib\glm /I..\..\OtherLib\FreeImage.WIN32\Dist /I..\..\OtherLib\dirent\include /I..\..\OtherLib\oscpackLib\include /I..\..\OtherLib\libTriangle\include /Zi /nologo /W3 /WX- /sdl /O2 /Oi /Oy- /GL /D _MBCS /Gm- /EHsc /MD /GS /Gy /fp:precise /Zc:wchar_t /Zc:forScope /Fo"Release\\" /Fd"Release\vc120.pdb" /Gd /TP /analyze- /errorReport:prompt ProtoController.cpp
         ProtoController.cpp
     1>c:\users\ira\dev\protobyte_0.1.5_quark\protobyte\protoinclude\ProtoDimension3.h(28): warning C4067: unexpected tokens following preprocessor directive - expected a newline
     1>c:\users\ira\dev\protobyte_0.1.5_quark\protobyte\protoinclude\ProtoShape3.h(55): warning C4005: 'GetCurrentDir' : macro redefinition
                 c:\users\ira\dev\protobyte_0.1.5_quark\protobyte\protoinclude\ProtoUtility.h(62) : see previous definition of 'GetCurrentDir'
     1>c:\users\ira\dev\protobyte_0.1.5_quark\protobyte\protoinclude\ProtoGeomSet.h(63): warning C4018: '<' : signed/unsigned mismatch
     1>c:\users\ira\dev\protobyte_0.1.5_quark\protobyte\protoinclude\ProtoGeom3.h(330): warning C4018: '<' : signed/unsigned mismatch
     1>c:\users\ira\dev\protobyte_0.1.5_quark\protobyte\protoinclude\ProtoLight.h(93): warning C4305: '=' : truncation from 'double' to 'float'
     1>c:\users\ira\dev\protobyte_0.1.5_quark\protobyte\protoinclude\ProtoWorld.h(323): warning C4305: 'argument' : truncation from 'double' to 'float'
     1>c:\users\ira\dev\protobyte_0.1.5_quark\protobyte\protoinclude\ProtoCephalopod.h(128): warning C4244: 'return' : conversion from 'time_t' to 'long', possible loss of data
     1>C:\Users\Ira\Dev\Protobyte_0.1.5_quark\Protobyte\ProtoInclude\ProtoBaseApp.h(454): warning C4237: 'export' keyword is not yet supported, but reserved for future use
     1>C:\Users\Ira\Dev\Protobyte_0.1.5_quark\Protobyte\ProtoInclude\ProtoBaseApp.h(457): warning C4237: 'export' keyword is not yet supported, but reserved for future use
     1>C:\Users\Ira\Dev\Protobyte_0.1.5_quark\Protobyte\ProtoInclude\ProtoBaseApp.h(458): warning C4237: 'export' keyword is not yet supported, but reserved for future use
     1>C:\Users\Ira\Dev\Protobyte_0.1.5_quark\Protobyte\ProtoInclude\ProtoBaseApp.h(459): warning C4237: 'export' keyword is not yet supported, but reserved for future use
     1>C:\Users\Ira\Dev\Protobyte_0.1.5_quark\Protobyte\ProtoInclude\ProtoBaseApp.h(460): warning C4237: 'export' keyword is not yet supported, but reserved for future use
     1>C:\Users\Ira\Dev\Protobyte_0.1.5_quark\Protobyte\ProtoInclude\ProtoBaseApp.h(463): warning C4237: 'export' keyword is not yet supported, but reserved for future use
     1>C:\Users\Ira\Dev\Protobyte_0.1.5_quark\Protobyte\ProtoInclude\ProtoBaseApp.h(681): warning C4244: '=' : conversion from 'float' to 'int', possible loss of data
     1>ProtoController.cpp(5): warning C4305: 'argument' : truncation from 'double' to 'float'
     1>ProtoController.cpp(7): warning C4305: 'argument' : truncation from 'double' to 'float'
     1>ProtoController.cpp(23): warning C4244: 'initializing' : conversion from 'const double' to 'float', possible loss of data
     1>ProtoController.cpp(27): warning C4244: 'argument' : conversion from 'double' to 'float', possible loss of data
     1>ProtoController.cpp(32): warning C4244: '+=' : conversion from 'const double' to 'float', possible loss of data
     1>ProtoController.cpp(34): warning C4244: '+=' : conversion from 'const double' to 'float', possible loss of data
     1>ProtoController.cpp(62): warning C4244: 'initializing' : conversion from 'const double' to 'float', possible loss of data
       Link:
         C:\Program Files (x86)\Microsoft Visual Studio 12.0\VC\bin\link.exe /ERRORREPORT:PROMPT /OUT:"C:\Users\Ira\Dev\Protobyte_0.1.5_quark\Protobyte\Projects\FacetedSphere\Release\FacetedSphere.exe" /NOLOGO /LIBPATH:..\..\ProtoSrc /LIBPATH:"..\..\OtherLib\glfw-3.0.4.bin.WIN32\lib-msvc110" /LIBPATH:"..\..\OtherLib\glew-1.10.0\glew-1.10.0\lib\Release\Win32" /LIBPATH:..\..\OtherLib\FreeImage.WIN32\Dist /LIBPATH:..\..\OtherLib\oscpackLib /LIBPATH:..\..\OtherLib\libTriangle\lib glew32.lib opengl32.lib glu32.lib glfw3.lib freeImage.lib ws2_32.lib Winmm.lib oscpack.lib triangle.lib kernel32.lib user32.lib gdi32.lib winspool.lib comdlg32.lib advapi32.lib shell32.lib ole32.lib oleaut32.lib uuid.lib odbc32.lib odbccp32.lib /MANIFEST /MANIFESTUAC:"level='asInvoker' uiAccess='false'" /manifest:embed /DEBUG /PDB:"C:\Users\Ira\Dev\Protobyte_0.1.5_quark\Protobyte\Projects\FacetedSphere\Release\FacetedSphere.pdb" /OPT:REF /OPT:ICF /LTCG /TLBID:1 /DYNAMICBASE /NXCOMPAT /IMPLIB:"C:\Users\Ira\Dev\Protobyte_0.1.5_quark\Protobyte\Projects\FacetedSphere\Release\FacetedSphere.lib" /MACHINE:X86 /SAFESEH Release\ProtoBaseApp.obj
         Release\ProtoBlock.obj
         Release\ProtoCamera.obj
         Release\ProtoCephalopod.obj
         Release\ProtoCilia.obj
         Release\ProtoCurve3.obj
         Release\ProtoCylinder.obj
         Release\ProtoEllipse.obj
         Release\ProtoFace3.obj
         Release\ProtoFrenetFrame.obj
         Release\ProtoGeom2.obj
         Release\ProtoGeom3.obj
         Release\ProtoGeosphere.obj
         Release\ProtoGroundPlane.obj
         Release\ProtoJuncusEffusus.obj
         Release\ProtoLight.obj
         Release\ProtoMath.obj
         Release\ProtoOSC.obj
         Release\ProtoPath2.obj
         Release\ProtoPath3.obj
         Release\ProtoPlane.obj
         Release\ProtoPlasm.obj
         Release\ProtoQuaternion.obj
         Release\ProtoRenderer.obj
         Release\ProtoRootBall.obj
         Release\ProtoShader.obj
         Release\ProtoShape3.obj
         Release\ProtoSphere.obj
         Release\ProtoSpline3.obj
         Release\ProtoTentacle.obj
         Release\ProtoTessellator.obj
         Release\ProtoTexture.obj
         Release\ProtoToroid.obj
         Release\ProtoTransformFunction.obj
         Release\ProtoTube.obj
         Release\ProtoUtility.obj
         Release\ProtoVerletBall.obj
         Release\ProtoVerletStick.obj
         Release\ProtoVertex3.obj
         Release\ProtoWorld.obj
         Release\ProtoController.obj
         Release\ProtoMain.obj
         Generating code
         Finished generating code
         FacetedSphere.vcxproj -> C:\Users\Ira\Dev\Protobyte_0.1.5_quark\Protobyte\Projects\FacetedSphere\Release\FacetedSphere.exe
     1>Done Building Project "C:\Users\Ira\Dev\Protobyte_0.1.5_quark\Protobyte\Projects\FacetedSphere\FacetedSphere.vcxproj" (Build target(s)).

Build succeeded.

Time Elapsed 00:00:12.97
