This file contains any messages produced by compilers while
running configure, to aid debugging if configure makes a mistake.

It was created by OGLFT configure 0.9, which was
generated by GNU Autoconf 2.57.  Invocation command line was

  $ ./configure 

## --------- ##
## Platform. ##
## --------- ##

hostname = ITS18807
uname -m = x86_64
uname -r = 13.0.0
uname -s = Darwin
uname -v = Darwin Kernel Version 13.0.0: Thu Sep 19 22:22:27 PDT 2013; root:xnu-2422.1.72~6/RELEASE_X86_64

/usr/bin/uname -p = i386
/bin/uname -X     = unknown

/bin/arch              = unknown
/usr/bin/arch -k       = unknown
/usr/convex/getsysinfo = unknown
hostinfo               = Mach kernel version:
	 Darwin Kernel Version 13.0.0: Thu Sep 19 22:22:27 PDT 2013; root:xnu-2422.1.72~6/RELEASE_X86_64
Kernel configured for up to 8 processors.
4 processors are physically available.
8 processors are logically available.
Processor type: i486 (Intel 80486)
Processors active: 0 1 2 3 4 5 6 7
Primary memory available: 16.00 gigabytes
Default processor set: 186 tasks, 839 threads, 8 processors
Load average: 2.32, Mach factor: 5.87
/bin/machine           = unknown
/usr/bin/oslevel       = unknown
/bin/universe          = unknown

PATH: /usr/bin
PATH: /bin
PATH: /usr/sbin
PATH: /sbin
PATH: /usr/local/bin
PATH: /opt/X11/bin


## ----------- ##
## Core tests. ##
## ----------- ##

configure:1504: checking for a BSD-compatible install
configure:1558: result: /usr/bin/install -c
configure:1569: checking whether build environment is sane
configure:1612: result: yes
configure:1645: checking for gawk
configure:1674: result: no
configure:1645: checking for mawk
configure:1674: result: no
configure:1645: checking for nawk
configure:1674: result: no
configure:1645: checking for awk
configure:1661: found /usr/bin/awk
configure:1671: result: awk
configure:1681: checking whether make sets $(MAKE)
configure:1701: result: yes
configure:1907: checking for g++
configure:1923: found /usr/bin/g++
configure:1933: result: g++
configure:1949: checking for C++ compiler version
configure:1952: g++ --version </dev/null >&5
Configured with: --prefix=/Applications/Xcode.app/Contents/Developer/usr --with-gxx-include-dir=/usr/include/c++/4.2.1
Apple LLVM version 5.0 (clang-500.2.79) (based on LLVM 3.3svn)
Target: x86_64-apple-darwin13.0.0
Thread model: posix
configure:1955: $? = 0
configure:1957: g++ -v </dev/null >&5
Configured with: --prefix=/Applications/Xcode.app/Contents/Developer/usr --with-gxx-include-dir=/usr/include/c++/4.2.1
Apple LLVM version 5.0 (clang-500.2.79) (based on LLVM 3.3svn)
Target: x86_64-apple-darwin13.0.0
Thread model: posix
configure:1960: $? = 0
configure:1962: g++ -V </dev/null >&5
clang: error: argument to '-V' is missing (expected 1 value)
clang: error: no input files
configure:1965: $? = 1
configure:1989: checking for C++ compiler default output
configure:1992: g++    conftest.cc  >&5
configure:1995: $? = 0
configure:2041: result: a.out
configure:2046: checking whether the C++ compiler works
configure:2052: ./a.out
configure:2055: $? = 0
configure:2072: result: yes
configure:2079: checking whether we are cross compiling
configure:2081: result: no
configure:2084: checking for suffix of executables
configure:2086: g++ -o conftest    conftest.cc  >&5
configure:2089: $? = 0
configure:2114: result: 
configure:2120: checking for suffix of object files
configure:2142: g++ -c   conftest.cc >&5
configure:2145: $? = 0
configure:2167: result: o
configure:2171: checking whether we are using the GNU C++ compiler
configure:2196: g++ -c   conftest.cc >&5
configure:2199: $? = 0
configure:2202: test -s conftest.o
configure:2205: $? = 0
configure:2218: result: yes
configure:2224: checking whether g++ accepts -g
configure:2246: g++ -c -g  conftest.cc >&5
configure:2249: $? = 0
configure:2252: test -s conftest.o
configure:2255: $? = 0
configure:2266: result: yes
configure:2310: g++ -c -g -O2  conftest.cc >&5
configure:2313: $? = 0
configure:2316: test -s conftest.o
configure:2319: $? = 0
configure:2346: g++ -c -g -O2  conftest.cc >&5
configure:2343:1: error: use of undeclared identifier 'exit'
exit (42);
^
1 error generated.
configure:2349: $? = 1
configure: failed program was:
| #line 2329 "configure"
| /* confdefs.h.  */
| 
| #define PACKAGE_NAME "OGLFT"
| #define PACKAGE_TARNAME "oglft"
| #define PACKAGE_VERSION "0.9"
| #define PACKAGE_STRING "OGLFT 0.9"
| #define PACKAGE_BUGREPORT "oglft@lignumcomputing.com"
| #define PACKAGE "oglft"
| #define VERSION "0.9"
| /* end confdefs.h.  */
| 
| int
| main ()
| {
| exit (42);
|   ;
|   return 0;
| }
configure:2310: g++ -c -g -O2  conftest.cc >&5
configure:2313: $? = 0
configure:2316: test -s conftest.o
configure:2319: $? = 0
configure:2346: g++ -c -g -O2  conftest.cc >&5
configure:2349: $? = 0
configure:2352: test -s conftest.o
configure:2355: $? = 0
configure:2397: checking for style of include used by make
configure:2425: result: GNU
configure:2453: checking dependency style of g++
configure:2515: result: gcc3
configure:2532: checking for a BSD-compatible install
configure:2586: result: /usr/bin/install -c
configure:2669: checking build system type
configure:2687: result: i386-apple-darwin13.0.0
configure:2695: checking host system type
configure:2709: result: i386-apple-darwin13.0.0
configure:2763: checking for gcc
configure:2779: found /usr/bin/gcc
configure:2789: result: gcc
configure:3033: checking for C compiler version
configure:3036: gcc --version </dev/null >&5
Configured with: --prefix=/Applications/Xcode.app/Contents/Developer/usr --with-gxx-include-dir=/usr/include/c++/4.2.1
Apple LLVM version 5.0 (clang-500.2.79) (based on LLVM 3.3svn)
Target: x86_64-apple-darwin13.0.0
Thread model: posix
configure:3039: $? = 0
configure:3041: gcc -v </dev/null >&5
Configured with: --prefix=/Applications/Xcode.app/Contents/Developer/usr --with-gxx-include-dir=/usr/include/c++/4.2.1
Apple LLVM version 5.0 (clang-500.2.79) (based on LLVM 3.3svn)
Target: x86_64-apple-darwin13.0.0
Thread model: posix
configure:3044: $? = 0
configure:3046: gcc -V </dev/null >&5
clang: error: argument to '-V' is missing (expected 1 value)
clang: error: no input files
configure:3049: $? = 1
configure:3052: checking whether we are using the GNU C compiler
configure:3077: gcc -c   conftest.c >&5
configure:3080: $? = 0
configure:3083: test -s conftest.o
configure:3086: $? = 0
configure:3099: result: yes
configure:3105: checking whether gcc accepts -g
configure:3127: gcc -c -g  conftest.c >&5
configure:3130: $? = 0
configure:3133: test -s conftest.o
configure:3136: $? = 0
configure:3147: result: yes
configure:3164: checking for gcc option to accept ANSI C
configure:3225: gcc  -c -g -O2  conftest.c >&5
configure:3228: $? = 0
configure:3231: test -s conftest.o
configure:3234: $? = 0
configure:3252: result: none needed
configure:3270: gcc -c -g -O2  conftest.c >&5
conftest.c:2:3: error: unknown type name 'choke'
  choke me
  ^
conftest.c:2:11: error: expected ';' after top level declarator
  choke me
          ^
          ;
2 errors generated.
configure:3273: $? = 1
configure: failed program was:
| #ifndef __cplusplus
|   choke me
| #endif
configure:3384: checking dependency style of gcc
configure:3446: result: gcc3
configure:3473: checking for ld used by GCC
configure:3536: result: /Applications/Xcode.app/Contents/Developer/Toolchains/XcodeDefault.xctoolchain/usr/bin/ld
configure:3545: checking if the linker (/Applications/Xcode.app/Contents/Developer/Toolchains/XcodeDefault.xctoolchain/usr/bin/ld) is GNU ld
configure:3557: result: no
configure:3562: checking for /Applications/Xcode.app/Contents/Developer/Toolchains/XcodeDefault.xctoolchain/usr/bin/ld option to reload object files
configure:3569: result: -r
configure:3574: checking for BSD-compatible nm
configure:3610: result: /usr/bin/nm
configure:3613: checking for a sed that does not truncate output
configure:3695: result: /usr/bin/sed
configure:3698: checking whether ln -s works
configure:3702: result: yes
configure:3709: checking how to recognise dependent libraries
configure:3890: result: file_magic Mach-O dynamically linked shared library
configure:3903: checking command to parse /usr/bin/nm output
configure:3987: gcc -c -g -O2  conftest.c >&5
configure:3990: $? = 0
configure:3994: /usr/bin/nm conftest.o \| sed -n -e 's/^.*[ 	]\([BCDEGRST][BCDEGRST]*\)[ 	][ 	]*\(\)\([_A-Za-z][_A-Za-z0-9]*\)$/\1 \2\3 \3/p' \> conftest.nm
configure:3997: $? = 0
cannot find nm_test_var in conftest.nm
configure:3987: gcc -c -g -O2  conftest.c >&5
configure:3990: $? = 0
configure:3994: /usr/bin/nm conftest.o \| sed -n -e 's/^.*[ 	]\([BCDEGRST][BCDEGRST]*\)[ 	][ 	]*\(_\)\([_A-Za-z][_A-Za-z0-9]*\)$/\1 \2\3 \3/p' \> conftest.nm
configure:3997: $? = 0
configure:4049: gcc -o conftest -g -O2   conftest.c conftstm.o >&5
configure:4052: $? = 0
configure:4096: result: ok
configure:4105: checking how to run the C preprocessor
configure:4141: gcc -E  conftest.c
configure:4147: $? = 0
configure:4179: gcc -E  conftest.c
configure:4183:10: fatal error: 'ac_nonexistent.h' file not found
#include <ac_nonexistent.h>
         ^
1 error generated.
configure:4185: $? = 1
configure: failed program was:
| #line 4170 "configure"
| /* confdefs.h.  */
| 
| #define PACKAGE_NAME "OGLFT"
| #define PACKAGE_TARNAME "oglft"
| #define PACKAGE_VERSION "0.9"
| #define PACKAGE_STRING "OGLFT 0.9"
| #define PACKAGE_BUGREPORT "oglft@lignumcomputing.com"
| #define PACKAGE "oglft"
| #define VERSION "0.9"
| #ifdef __cplusplus
| #include <stdlib.h>
| #endif
| /* end confdefs.h.  */
| #include <ac_nonexistent.h>
configure:4223: result: gcc -E
configure:4248: gcc -E  conftest.c
configure:4254: $? = 0
configure:4286: gcc -E  conftest.c
configure:4290:10: fatal error: 'ac_nonexistent.h' file not found
#include <ac_nonexistent.h>
         ^
1 error generated.
configure:4292: $? = 1
configure: failed program was:
| #line 4277 "configure"
| /* confdefs.h.  */
| 
| #define PACKAGE_NAME "OGLFT"
| #define PACKAGE_TARNAME "oglft"
| #define PACKAGE_VERSION "0.9"
| #define PACKAGE_STRING "OGLFT 0.9"
| #define PACKAGE_BUGREPORT "oglft@lignumcomputing.com"
| #define PACKAGE "oglft"
| #define VERSION "0.9"
| #ifdef __cplusplus
| #include <stdlib.h>
| #endif
| /* end confdefs.h.  */
| #include <ac_nonexistent.h>
configure:4335: checking for egrep
configure:4345: result: grep -E
configure:4350: checking for ANSI C header files
configure:4376: gcc -c -g -O2  conftest.c >&5
configure:4379: $? = 0
configure:4382: test -s conftest.o
configure:4385: $? = 0
configure:4477: gcc -o conftest -g -O2   conftest.c  >&5
configure:4475:7: warning: implicitly declaring library function 'exit' with type 'void (int) __attribute__((noreturn))'
      exit(2);
      ^
configure:4475:7: note: please include the header <stdlib.h> or explicitly provide a declaration for 'exit'
1 warning generated.
configure:4480: $? = 0
configure:4482: ./conftest
configure:4485: $? = 0
configure:4500: result: yes
configure:4524: checking for sys/types.h
configure:4541: gcc -c -g -O2  conftest.c >&5
configure:4544: $? = 0
configure:4547: test -s conftest.o
configure:4550: $? = 0
configure:4561: result: yes
configure:4524: checking for sys/stat.h
configure:4541: gcc -c -g -O2  conftest.c >&5
configure:4544: $? = 0
configure:4547: test -s conftest.o
configure:4550: $? = 0
configure:4561: result: yes
configure:4524: checking for stdlib.h
configure:4541: gcc -c -g -O2  conftest.c >&5
configure:4544: $? = 0
configure:4547: test -s conftest.o
configure:4550: $? = 0
configure:4561: result: yes
configure:4524: checking for string.h
configure:4541: gcc -c -g -O2  conftest.c >&5
configure:4544: $? = 0
configure:4547: test -s conftest.o
configure:4550: $? = 0
configure:4561: result: yes
configure:4524: checking for memory.h
configure:4541: gcc -c -g -O2  conftest.c >&5
configure:4544: $? = 0
configure:4547: test -s conftest.o
configure:4550: $? = 0
configure:4561: result: yes
configure:4524: checking for strings.h
configure:4541: gcc -c -g -O2  conftest.c >&5
configure:4544: $? = 0
configure:4547: test -s conftest.o
configure:4550: $? = 0
configure:4561: result: yes
configure:4524: checking for inttypes.h
configure:4541: gcc -c -g -O2  conftest.c >&5
configure:4544: $? = 0
configure:4547: test -s conftest.o
configure:4550: $? = 0
configure:4561: result: yes
configure:4524: checking for stdint.h
configure:4541: gcc -c -g -O2  conftest.c >&5
configure:4544: $? = 0
configure:4547: test -s conftest.o
configure:4550: $? = 0
configure:4561: result: yes
configure:4524: checking for unistd.h
configure:4541: gcc -c -g -O2  conftest.c >&5
configure:4544: $? = 0
configure:4547: test -s conftest.o
configure:4550: $? = 0
configure:4561: result: yes
configure:4587: checking dlfcn.h usability
configure:4600: gcc -c -g -O2  conftest.c >&5
configure:4603: $? = 0
configure:4606: test -s conftest.o
configure:4609: $? = 0
configure:4619: result: yes
configure:4623: checking dlfcn.h presence
configure:4634: gcc -E  conftest.c
configure:4640: $? = 0
configure:4659: result: yes
configure:4695: checking for dlfcn.h
configure:4702: result: yes
configure:4900: checking for ranlib
configure:4916: found /usr/bin/ranlib
configure:4927: result: ranlib
configure:4980: checking for strip
configure:4996: found /usr/bin/strip
configure:5007: result: strip
configure:5217: checking for objdir
configure:5228: result: .libs
configure:5245: checking for gcc option to produce PIC
configure:5391: result: -fno-common
configure:5395: checking if gcc PIC flag -fno-common works
configure:5419: gcc -c -g -O2 -fno-common -DPIC  conftest.c >&5
configure:5422: $? = 0
configure:5425: test -s conftest.o
configure:5428: $? = 0
configure:5466: result: yes
configure:5482: checking if gcc static flag -static works
configure:5507: gcc -o conftest -g -O2   -static conftest.c  >&5
ld: library not found for -lcrt0.o
clang: error: linker command failed with exit code 1 (use -v to see invocation)
configure:5510: $? = 1
configure: failed program was:
| #line 5490 "configure"
| /* confdefs.h.  */
| 
| #define PACKAGE_NAME "OGLFT"
| #define PACKAGE_TARNAME "oglft"
| #define PACKAGE_VERSION "0.9"
| #define PACKAGE_STRING "OGLFT 0.9"
| #define PACKAGE_BUGREPORT "oglft@lignumcomputing.com"
| #define PACKAGE "oglft"
| #define VERSION "0.9"
| #ifdef __cplusplus
| #include <stdlib.h>
| #endif
| #define STDC_HEADERS 1
| #define HAVE_SYS_TYPES_H 1
| #define HAVE_SYS_STAT_H 1
| #define HAVE_STDLIB_H 1
| #define HAVE_STRING_H 1
| #define HAVE_MEMORY_H 1
| #define HAVE_STRINGS_H 1
| #define HAVE_INTTYPES_H 1
| #define HAVE_STDINT_H 1
| #define HAVE_UNISTD_H 1
| #define HAVE_DLFCN_H 1
| /* end confdefs.h.  */
| 
| int
| main ()
| {
| 
|   ;
|   return 0;
| }
configure:5532: result: no
configure:5544: checking if gcc supports -c -o file.o
configure:5564: gcc -c -g -O2 -o out/conftest2.o  conftest.c >&5
configure:5588: result: yes
configure:5593: checking if gcc supports -c -o file.lo
configure:5621: gcc -c -g -O2 -c -o conftest.lo  conftest.c >&5
configure:5624: $? = 0
configure:5627: test -s conftest.lo
configure:5630: $? = 0
configure:5652: result: yes
configure:5683: checking if gcc supports -fno-rtti -fno-exceptions
configure:5706: gcc -c -g -O2 -fno-rtti -fno-exceptions -c conftest.c  conftest.c >&5
configure:5709: $? = 0
configure:5712: test -s conftest.o
configure:5715: $? = 0
configure:5732: result: yes
configure:5743: checking whether the linker (/Applications/Xcode.app/Contents/Developer/Toolchains/XcodeDefault.xctoolchain/usr/bin/ld) supports shared libraries
configure:6438: result: yes
configure:6443: checking how to hardcode library paths into programs
configure:6467: result: unsupported
configure:6472: checking whether stripping libraries is possible
configure:6480: result: no
configure:6488: checking dynamic linker characteristics
configure:6919: result: darwin13.0.0 dyld
configure:6924: checking if libtool supports shared libraries
configure:6926: result: yes
configure:6929: checking whether to build shared libraries
configure:6950: result: yes
configure:6953: checking whether to build static libraries
configure:6957: result: yes
configure:7631: checking whether -lc should be explicitly linked in
configure:7639: gcc -c -g -O2  conftest.c >&5
configure:7642: $? = 0
configure:7656: gcc -r -keep_private_externs -nostdlib -o conftest-master.o conftest.o && gcc -dynamiclib  -o conftest conftest-master.o -v -install_name /conftest 2\>\&1 \| grep  -lc  \>/dev/null 2\>\&1
configure:7659: $? = 1
configure:7672: result: yes
configure:8245: checking whether make sets $(MAKE)
configure:8265: result: yes
configure:8277: checking for sqrt in -lm
configure:8308: gcc -o conftest -g -O2   conftest.c -lm   >&5
configure:8315:6: warning: incompatible redeclaration of library function 'sqrt' [-Wincompatible-library-redeclaration]
char sqrt ();
     ^
configure:8315:6: note: 'sqrt' is a builtin with type 'double (double)'
1 warning generated.
configure:8311: $? = 0
configure:8314: test -s conftest
configure:8317: $? = 0
configure:8329: result: yes
configure:8341: checking for glGetString in -lGL
configure:8372: gcc -o conftest -g -O2   conftest.c -lGL  -lm  >&5
ld: library not found for -lGL
clang: error: linker command failed with exit code 1 (use -v to see invocation)
configure:8375: $? = 1
configure: failed program was:
| #line 8348 "configure"
| /* confdefs.h.  */
| 
| #define PACKAGE_NAME "OGLFT"
| #define PACKAGE_TARNAME "oglft"
| #define PACKAGE_VERSION "0.9"
| #define PACKAGE_STRING "OGLFT 0.9"
| #define PACKAGE_BUGREPORT "oglft@lignumcomputing.com"
| #define PACKAGE "oglft"
| #define VERSION "0.9"
| #ifdef __cplusplus
| #include <stdlib.h>
| #endif
| #define STDC_HEADERS 1
| #define HAVE_SYS_TYPES_H 1
| #define HAVE_SYS_STAT_H 1
| #define HAVE_STDLIB_H 1
| #define HAVE_STRING_H 1
| #define HAVE_MEMORY_H 1
| #define HAVE_STRINGS_H 1
| #define HAVE_INTTYPES_H 1
| #define HAVE_STDINT_H 1
| #define HAVE_UNISTD_H 1
| #define HAVE_DLFCN_H 1
| #define HAVE_LIBM 1
| /* end confdefs.h.  */
| 
| /* Override any gcc2 internal prototype to avoid an error.  */
| #ifdef __cplusplus
| extern "C"
| #endif
| /* We use char because int might match the return type of a gcc2
|    builtin and then its argument prototype would still apply.  */
| char glGetString ();
| int
| main ()
| {
| glGetString ();
|   ;
|   return 0;
| }
configure:8393: result: no
configure:8405: checking for gluGetString in -lGLU
configure:8436: gcc -o conftest -g -O2   conftest.c -lGLU  -lm  >&5
ld: library not found for -lGLU
clang: error: linker command failed with exit code 1 (use -v to see invocation)
configure:8439: $? = 1
configure: failed program was:
| #line 8412 "configure"
| /* confdefs.h.  */
| 
| #define PACKAGE_NAME "OGLFT"
| #define PACKAGE_TARNAME "oglft"
| #define PACKAGE_VERSION "0.9"
| #define PACKAGE_STRING "OGLFT 0.9"
| #define PACKAGE_BUGREPORT "oglft@lignumcomputing.com"
| #define PACKAGE "oglft"
| #define VERSION "0.9"
| #ifdef __cplusplus
| #include <stdlib.h>
| #endif
| #define STDC_HEADERS 1
| #define HAVE_SYS_TYPES_H 1
| #define HAVE_SYS_STAT_H 1
| #define HAVE_STDLIB_H 1
| #define HAVE_STRING_H 1
| #define HAVE_MEMORY_H 1
| #define HAVE_STRINGS_H 1
| #define HAVE_INTTYPES_H 1
| #define HAVE_STDINT_H 1
| #define HAVE_UNISTD_H 1
| #define HAVE_DLFCN_H 1
| #define HAVE_LIBM 1
| /* end confdefs.h.  */
| 
| /* Override any gcc2 internal prototype to avoid an error.  */
| #ifdef __cplusplus
| extern "C"
| #endif
| /* We use char because int might match the return type of a gcc2
|    builtin and then its argument prototype would still apply.  */
| char gluGetString ();
| int
| main ()
| {
| gluGetString ();
|   ;
|   return 0;
| }
configure:8457: result: no
configure:8470: checking for FT_Init_FreeType in -lfreetype
configure:8501: gcc -o conftest -g -O2   conftest.c -lfreetype  -lm  >&5
configure:8504: $? = 0
configure:8507: test -s conftest
configure:8510: $? = 0
configure:8522: result: yes
configure:8537: checking for ANSI C header files
configure:8687: result: yes
configure:8706: checking for stdlib.h
configure:8711: result: yes
configure:8706: checking for unistd.h
configure:8711: result: yes
configure:8715: checking GL/gl.h usability
configure:8728: gcc -c -g -O2  conftest.c >&5
configure:8780:10: fatal error: 'GL/gl.h' file not found
#include <GL/gl.h>
         ^
1 error generated.
configure:8731: $? = 1
configure: failed program was:
| #line 8717 "configure"
| /* confdefs.h.  */
| 
| #define PACKAGE_NAME "OGLFT"
| #define PACKAGE_TARNAME "oglft"
| #define PACKAGE_VERSION "0.9"
| #define PACKAGE_STRING "OGLFT 0.9"
| #define PACKAGE_BUGREPORT "oglft@lignumcomputing.com"
| #define PACKAGE "oglft"
| #define VERSION "0.9"
| #ifdef __cplusplus
| #include <stdlib.h>
| #endif
| #define STDC_HEADERS 1
| #define HAVE_SYS_TYPES_H 1
| #define HAVE_SYS_STAT_H 1
| #define HAVE_STDLIB_H 1
| #define HAVE_STRING_H 1
| #define HAVE_MEMORY_H 1
| #define HAVE_STRINGS_H 1
| #define HAVE_INTTYPES_H 1
| #define HAVE_STDINT_H 1
| #define HAVE_UNISTD_H 1
| #define HAVE_DLFCN_H 1
| #define HAVE_LIBM 1
| #define HAVE_LIBFREETYPE 1
| #define STDC_HEADERS 1
| #define HAVE_STDLIB_H 1
| #define HAVE_UNISTD_H 1
| /* end confdefs.h.  */
| #include <stdio.h>
| #if HAVE_SYS_TYPES_H
| # include <sys/types.h>
| #endif
| #if HAVE_SYS_STAT_H
| # include <sys/stat.h>
| #endif
| #if STDC_HEADERS
| # include <stdlib.h>
| # include <stddef.h>
| #else
| # if HAVE_STDLIB_H
| #  include <stdlib.h>
| # endif
| #endif
| #if HAVE_STRING_H
| # if !STDC_HEADERS && HAVE_MEMORY_H
| #  include <memory.h>
| # endif
| # include <string.h>
| #endif
| #if HAVE_STRINGS_H
| # include <strings.h>
| #endif
| #if HAVE_INTTYPES_H
| # include <inttypes.h>
| #else
| # if HAVE_STDINT_H
| #  include <stdint.h>
| # endif
| #endif
| #if HAVE_UNISTD_H
| # include <unistd.h>
| #endif
| #include <GL/gl.h>
configure:8747: result: no
configure:8751: checking GL/gl.h presence
configure:8762: gcc -E  conftest.c
configure:8782:10: fatal error: 'GL/gl.h' file not found
#include <GL/gl.h>
         ^
1 error generated.
configure:8768: $? = 1
configure: failed program was:
| #line 8753 "configure"
| /* confdefs.h.  */
| 
| #define PACKAGE_NAME "OGLFT"
| #define PACKAGE_TARNAME "oglft"
| #define PACKAGE_VERSION "0.9"
| #define PACKAGE_STRING "OGLFT 0.9"
| #define PACKAGE_BUGREPORT "oglft@lignumcomputing.com"
| #define PACKAGE "oglft"
| #define VERSION "0.9"
| #ifdef __cplusplus
| #include <stdlib.h>
| #endif
| #define STDC_HEADERS 1
| #define HAVE_SYS_TYPES_H 1
| #define HAVE_SYS_STAT_H 1
| #define HAVE_STDLIB_H 1
| #define HAVE_STRING_H 1
| #define HAVE_MEMORY_H 1
| #define HAVE_STRINGS_H 1
| #define HAVE_INTTYPES_H 1
| #define HAVE_STDINT_H 1
| #define HAVE_UNISTD_H 1
| #define HAVE_DLFCN_H 1
| #define HAVE_LIBM 1
| #define HAVE_LIBFREETYPE 1
| #define STDC_HEADERS 1
| #define HAVE_STDLIB_H 1
| #define HAVE_UNISTD_H 1
| /* end confdefs.h.  */
| #include <GL/gl.h>
configure:8787: result: no
configure:8823: checking for GL/gl.h
configure:8830: result: no
configure:8715: checking GL/glu.h usability
configure:8728: gcc -c -g -O2  conftest.c >&5
configure:8780:10: fatal error: 'GL/glu.h' file not found
#include <GL/glu.h>
         ^
1 error generated.
configure:8731: $? = 1
configure: failed program was:
| #line 8717 "configure"
| /* confdefs.h.  */
| 
| #define PACKAGE_NAME "OGLFT"
| #define PACKAGE_TARNAME "oglft"
| #define PACKAGE_VERSION "0.9"
| #define PACKAGE_STRING "OGLFT 0.9"
| #define PACKAGE_BUGREPORT "oglft@lignumcomputing.com"
| #define PACKAGE "oglft"
| #define VERSION "0.9"
| #ifdef __cplusplus
| #include <stdlib.h>
| #endif
| #define STDC_HEADERS 1
| #define HAVE_SYS_TYPES_H 1
| #define HAVE_SYS_STAT_H 1
| #define HAVE_STDLIB_H 1
| #define HAVE_STRING_H 1
| #define HAVE_MEMORY_H 1
| #define HAVE_STRINGS_H 1
| #define HAVE_INTTYPES_H 1
| #define HAVE_STDINT_H 1
| #define HAVE_UNISTD_H 1
| #define HAVE_DLFCN_H 1
| #define HAVE_LIBM 1
| #define HAVE_LIBFREETYPE 1
| #define STDC_HEADERS 1
| #define HAVE_STDLIB_H 1
| #define HAVE_UNISTD_H 1
| /* end confdefs.h.  */
| #include <stdio.h>
| #if HAVE_SYS_TYPES_H
| # include <sys/types.h>
| #endif
| #if HAVE_SYS_STAT_H
| # include <sys/stat.h>
| #endif
| #if STDC_HEADERS
| # include <stdlib.h>
| # include <stddef.h>
| #else
| # if HAVE_STDLIB_H
| #  include <stdlib.h>
| # endif
| #endif
| #if HAVE_STRING_H
| # if !STDC_HEADERS && HAVE_MEMORY_H
| #  include <memory.h>
| # endif
| # include <string.h>
| #endif
| #if HAVE_STRINGS_H
| # include <strings.h>
| #endif
| #if HAVE_INTTYPES_H
| # include <inttypes.h>
| #else
| # if HAVE_STDINT_H
| #  include <stdint.h>
| # endif
| #endif
| #if HAVE_UNISTD_H
| # include <unistd.h>
| #endif
| #include <GL/glu.h>
configure:8747: result: no
configure:8751: checking GL/glu.h presence
configure:8762: gcc -E  conftest.c
configure:8782:10: fatal error: 'GL/glu.h' file not found
#include <GL/glu.h>
         ^
1 error generated.
configure:8768: $? = 1
configure: failed program was:
| #line 8753 "configure"
| /* confdefs.h.  */
| 
| #define PACKAGE_NAME "OGLFT"
| #define PACKAGE_TARNAME "oglft"
| #define PACKAGE_VERSION "0.9"
| #define PACKAGE_STRING "OGLFT 0.9"
| #define PACKAGE_BUGREPORT "oglft@lignumcomputing.com"
| #define PACKAGE "oglft"
| #define VERSION "0.9"
| #ifdef __cplusplus
| #include <stdlib.h>
| #endif
| #define STDC_HEADERS 1
| #define HAVE_SYS_TYPES_H 1
| #define HAVE_SYS_STAT_H 1
| #define HAVE_STDLIB_H 1
| #define HAVE_STRING_H 1
| #define HAVE_MEMORY_H 1
| #define HAVE_STRINGS_H 1
| #define HAVE_INTTYPES_H 1
| #define HAVE_STDINT_H 1
| #define HAVE_UNISTD_H 1
| #define HAVE_DLFCN_H 1
| #define HAVE_LIBM 1
| #define HAVE_LIBFREETYPE 1
| #define STDC_HEADERS 1
| #define HAVE_STDLIB_H 1
| #define HAVE_UNISTD_H 1
| /* end confdefs.h.  */
| #include <GL/glu.h>
configure:8787: result: no
configure:8823: checking for GL/glu.h
configure:8830: result: no
configure:8715: checking GL/glut.h usability
configure:8728: gcc -c -g -O2  conftest.c >&5
configure:8780:10: fatal error: 'GL/glut.h' file not found
#include <GL/glut.h>
         ^
1 error generated.
configure:8731: $? = 1
configure: failed program was:
| #line 8717 "configure"
| /* confdefs.h.  */
| 
| #define PACKAGE_NAME "OGLFT"
| #define PACKAGE_TARNAME "oglft"
| #define PACKAGE_VERSION "0.9"
| #define PACKAGE_STRING "OGLFT 0.9"
| #define PACKAGE_BUGREPORT "oglft@lignumcomputing.com"
| #define PACKAGE "oglft"
| #define VERSION "0.9"
| #ifdef __cplusplus
| #include <stdlib.h>
| #endif
| #define STDC_HEADERS 1
| #define HAVE_SYS_TYPES_H 1
| #define HAVE_SYS_STAT_H 1
| #define HAVE_STDLIB_H 1
| #define HAVE_STRING_H 1
| #define HAVE_MEMORY_H 1
| #define HAVE_STRINGS_H 1
| #define HAVE_INTTYPES_H 1
| #define HAVE_STDINT_H 1
| #define HAVE_UNISTD_H 1
| #define HAVE_DLFCN_H 1
| #define HAVE_LIBM 1
| #define HAVE_LIBFREETYPE 1
| #define STDC_HEADERS 1
| #define HAVE_STDLIB_H 1
| #define HAVE_UNISTD_H 1
| /* end confdefs.h.  */
| #include <stdio.h>
| #if HAVE_SYS_TYPES_H
| # include <sys/types.h>
| #endif
| #if HAVE_SYS_STAT_H
| # include <sys/stat.h>
| #endif
| #if STDC_HEADERS
| # include <stdlib.h>
| # include <stddef.h>
| #else
| # if HAVE_STDLIB_H
| #  include <stdlib.h>
| # endif
| #endif
| #if HAVE_STRING_H
| # if !STDC_HEADERS && HAVE_MEMORY_H
| #  include <memory.h>
| # endif
| # include <string.h>
| #endif
| #if HAVE_STRINGS_H
| # include <strings.h>
| #endif
| #if HAVE_INTTYPES_H
| # include <inttypes.h>
| #else
| # if HAVE_STDINT_H
| #  include <stdint.h>
| # endif
| #endif
| #if HAVE_UNISTD_H
| # include <unistd.h>
| #endif
| #include <GL/glut.h>
configure:8747: result: no
configure:8751: checking GL/glut.h presence
configure:8762: gcc -E  conftest.c
configure:8782:10: fatal error: 'GL/glut.h' file not found
#include <GL/glut.h>
         ^
1 error generated.
configure:8768: $? = 1
configure: failed program was:
| #line 8753 "configure"
| /* confdefs.h.  */
| 
| #define PACKAGE_NAME "OGLFT"
| #define PACKAGE_TARNAME "oglft"
| #define PACKAGE_VERSION "0.9"
| #define PACKAGE_STRING "OGLFT 0.9"
| #define PACKAGE_BUGREPORT "oglft@lignumcomputing.com"
| #define PACKAGE "oglft"
| #define VERSION "0.9"
| #ifdef __cplusplus
| #include <stdlib.h>
| #endif
| #define STDC_HEADERS 1
| #define HAVE_SYS_TYPES_H 1
| #define HAVE_SYS_STAT_H 1
| #define HAVE_STDLIB_H 1
| #define HAVE_STRING_H 1
| #define HAVE_MEMORY_H 1
| #define HAVE_STRINGS_H 1
| #define HAVE_INTTYPES_H 1
| #define HAVE_STDINT_H 1
| #define HAVE_UNISTD_H 1
| #define HAVE_DLFCN_H 1
| #define HAVE_LIBM 1
| #define HAVE_LIBFREETYPE 1
| #define STDC_HEADERS 1
| #define HAVE_STDLIB_H 1
| #define HAVE_UNISTD_H 1
| /* end confdefs.h.  */
| #include <GL/glut.h>
configure:8787: result: no
configure:8823: checking for GL/glut.h
configure:8830: result: no
configure:8853: checking ft2build.h usability
configure:8866: gcc -c -g -O2  conftest.c >&5
configure:8918:10: fatal error: 'ft2build.h' file not found
#include <ft2build.h>
         ^
1 error generated.
configure:8869: $? = 1
configure: failed program was:
| #line 8855 "configure"
| /* confdefs.h.  */
| 
| #define PACKAGE_NAME "OGLFT"
| #define PACKAGE_TARNAME "oglft"
| #define PACKAGE_VERSION "0.9"
| #define PACKAGE_STRING "OGLFT 0.9"
| #define PACKAGE_BUGREPORT "oglft@lignumcomputing.com"
| #define PACKAGE "oglft"
| #define VERSION "0.9"
| #ifdef __cplusplus
| #include <stdlib.h>
| #endif
| #define STDC_HEADERS 1
| #define HAVE_SYS_TYPES_H 1
| #define HAVE_SYS_STAT_H 1
| #define HAVE_STDLIB_H 1
| #define HAVE_STRING_H 1
| #define HAVE_MEMORY_H 1
| #define HAVE_STRINGS_H 1
| #define HAVE_INTTYPES_H 1
| #define HAVE_STDINT_H 1
| #define HAVE_UNISTD_H 1
| #define HAVE_DLFCN_H 1
| #define HAVE_LIBM 1
| #define HAVE_LIBFREETYPE 1
| #define STDC_HEADERS 1
| #define HAVE_STDLIB_H 1
| #define HAVE_UNISTD_H 1
| /* end confdefs.h.  */
| #include <stdio.h>
| #if HAVE_SYS_TYPES_H
| # include <sys/types.h>
| #endif
| #if HAVE_SYS_STAT_H
| # include <sys/stat.h>
| #endif
| #if STDC_HEADERS
| # include <stdlib.h>
| # include <stddef.h>
| #else
| # if HAVE_STDLIB_H
| #  include <stdlib.h>
| # endif
| #endif
| #if HAVE_STRING_H
| # if !STDC_HEADERS && HAVE_MEMORY_H
| #  include <memory.h>
| # endif
| # include <string.h>
| #endif
| #if HAVE_STRINGS_H
| # include <strings.h>
| #endif
| #if HAVE_INTTYPES_H
| # include <inttypes.h>
| #else
| # if HAVE_STDINT_H
| #  include <stdint.h>
| # endif
| #endif
| #if HAVE_UNISTD_H
| # include <unistd.h>
| #endif
| #include <ft2build.h>
configure:8885: result: no
configure:8889: checking ft2build.h presence
configure:8900: gcc -E  conftest.c
configure:8920:10: fatal error: 'ft2build.h' file not found
#include <ft2build.h>
         ^
1 error generated.
configure:8906: $? = 1
configure: failed program was:
| #line 8891 "configure"
| /* confdefs.h.  */
| 
| #define PACKAGE_NAME "OGLFT"
| #define PACKAGE_TARNAME "oglft"
| #define PACKAGE_VERSION "0.9"
| #define PACKAGE_STRING "OGLFT 0.9"
| #define PACKAGE_BUGREPORT "oglft@lignumcomputing.com"
| #define PACKAGE "oglft"
| #define VERSION "0.9"
| #ifdef __cplusplus
| #include <stdlib.h>
| #endif
| #define STDC_HEADERS 1
| #define HAVE_SYS_TYPES_H 1
| #define HAVE_SYS_STAT_H 1
| #define HAVE_STDLIB_H 1
| #define HAVE_STRING_H 1
| #define HAVE_MEMORY_H 1
| #define HAVE_STRINGS_H 1
| #define HAVE_INTTYPES_H 1
| #define HAVE_STDINT_H 1
| #define HAVE_UNISTD_H 1
| #define HAVE_DLFCN_H 1
| #define HAVE_LIBM 1
| #define HAVE_LIBFREETYPE 1
| #define STDC_HEADERS 1
| #define HAVE_STDLIB_H 1
| #define HAVE_UNISTD_H 1
| /* end confdefs.h.  */
| #include <ft2build.h>
configure:8925: result: no
configure:8961: checking for ft2build.h
configure:8968: result: no
configure:8975: WARNING: could not successfully compile with FreeType2 using the
configure:8977: WARNING: default compiler flags; re-trying with
configure:8979: WARNING: CPPFLAGS= -I/usr/include/freetype2
configure:8993: checking ft2build.h usability
configure:9006: gcc -c -g -O2  -I/usr/include/freetype2 conftest.c >&5
configure:9058:10: fatal error: 'ft2build.h' file not found
#include <ft2build.h>
         ^
1 error generated.
configure:9009: $? = 1
configure: failed program was:
| #line 8995 "configure"
| /* confdefs.h.  */
| 
| #define PACKAGE_NAME "OGLFT"
| #define PACKAGE_TARNAME "oglft"
| #define PACKAGE_VERSION "0.9"
| #define PACKAGE_STRING "OGLFT 0.9"
| #define PACKAGE_BUGREPORT "oglft@lignumcomputing.com"
| #define PACKAGE "oglft"
| #define VERSION "0.9"
| #ifdef __cplusplus
| #include <stdlib.h>
| #endif
| #define STDC_HEADERS 1
| #define HAVE_SYS_TYPES_H 1
| #define HAVE_SYS_STAT_H 1
| #define HAVE_STDLIB_H 1
| #define HAVE_STRING_H 1
| #define HAVE_MEMORY_H 1
| #define HAVE_STRINGS_H 1
| #define HAVE_INTTYPES_H 1
| #define HAVE_STDINT_H 1
| #define HAVE_UNISTD_H 1
| #define HAVE_DLFCN_H 1
| #define HAVE_LIBM 1
| #define HAVE_LIBFREETYPE 1
| #define STDC_HEADERS 1
| #define HAVE_STDLIB_H 1
| #define HAVE_UNISTD_H 1
| /* end confdefs.h.  */
| #include <stdio.h>
| #if HAVE_SYS_TYPES_H
| # include <sys/types.h>
| #endif
| #if HAVE_SYS_STAT_H
| # include <sys/stat.h>
| #endif
| #if STDC_HEADERS
| # include <stdlib.h>
| # include <stddef.h>
| #else
| # if HAVE_STDLIB_H
| #  include <stdlib.h>
| # endif
| #endif
| #if HAVE_STRING_H
| # if !STDC_HEADERS && HAVE_MEMORY_H
| #  include <memory.h>
| # endif
| # include <string.h>
| #endif
| #if HAVE_STRINGS_H
| # include <strings.h>
| #endif
| #if HAVE_INTTYPES_H
| # include <inttypes.h>
| #else
| # if HAVE_STDINT_H
| #  include <stdint.h>
| # endif
| #endif
| #if HAVE_UNISTD_H
| # include <unistd.h>
| #endif
| #include <ft2build.h>
configure:9025: result: no
configure:9029: checking ft2build.h presence
configure:9040: gcc -E  -I/usr/include/freetype2 conftest.c
configure:9060:10: fatal error: 'ft2build.h' file not found
#include <ft2build.h>
         ^
1 error generated.
configure:9046: $? = 1
configure: failed program was:
| #line 9031 "configure"
| /* confdefs.h.  */
| 
| #define PACKAGE_NAME "OGLFT"
| #define PACKAGE_TARNAME "oglft"
| #define PACKAGE_VERSION "0.9"
| #define PACKAGE_STRING "OGLFT 0.9"
| #define PACKAGE_BUGREPORT "oglft@lignumcomputing.com"
| #define PACKAGE "oglft"
| #define VERSION "0.9"
| #ifdef __cplusplus
| #include <stdlib.h>
| #endif
| #define STDC_HEADERS 1
| #define HAVE_SYS_TYPES_H 1
| #define HAVE_SYS_STAT_H 1
| #define HAVE_STDLIB_H 1
| #define HAVE_STRING_H 1
| #define HAVE_MEMORY_H 1
| #define HAVE_STRINGS_H 1
| #define HAVE_INTTYPES_H 1
| #define HAVE_STDINT_H 1
| #define HAVE_UNISTD_H 1
| #define HAVE_DLFCN_H 1
| #define HAVE_LIBM 1
| #define HAVE_LIBFREETYPE 1
| #define STDC_HEADERS 1
| #define HAVE_STDLIB_H 1
| #define HAVE_UNISTD_H 1
| /* end confdefs.h.  */
| #include <ft2build.h>
configure:9065: result: no
configure:9101: checking for ft2build.h
configure:9108: result: no
configure:9115: error: could not find FreeType2 headers

## ---------------- ##
## Cache variables. ##
## ---------------- ##

ac_cv_build=i386-apple-darwin13.0.0
ac_cv_build_alias=i386-apple-darwin13.0.0
ac_cv_c_compiler_gnu=yes
ac_cv_cxx_compiler_gnu=yes
ac_cv_env_CC_set=
ac_cv_env_CC_value=
ac_cv_env_CFLAGS_set=
ac_cv_env_CFLAGS_value=
ac_cv_env_CPPFLAGS_set=
ac_cv_env_CPPFLAGS_value=
ac_cv_env_CPP_set=
ac_cv_env_CPP_value=
ac_cv_env_CXXFLAGS_set=
ac_cv_env_CXXFLAGS_value=
ac_cv_env_CXX_set=
ac_cv_env_CXX_value=
ac_cv_env_LDFLAGS_set=
ac_cv_env_LDFLAGS_value=
ac_cv_env_build_alias_set=
ac_cv_env_build_alias_value=
ac_cv_env_host_alias_set=
ac_cv_env_host_alias_value=
ac_cv_env_target_alias_set=
ac_cv_env_target_alias_value=
ac_cv_exeext=
ac_cv_header_GL_gl_h=no
ac_cv_header_GL_glu_h=no
ac_cv_header_GL_glut_h=no
ac_cv_header_dlfcn_h=yes
ac_cv_header_ft2build_h=no
ac_cv_header_inttypes_h=yes
ac_cv_header_memory_h=yes
ac_cv_header_stdc=yes
ac_cv_header_stdint_h=yes
ac_cv_header_stdlib_h=yes
ac_cv_header_string_h=yes
ac_cv_header_strings_h=yes
ac_cv_header_sys_stat_h=yes
ac_cv_header_sys_types_h=yes
ac_cv_header_unistd_h=yes
ac_cv_host=i386-apple-darwin13.0.0
ac_cv_host_alias=i386-apple-darwin13.0.0
ac_cv_lib_GLU_gluGetString=no
ac_cv_lib_GL_glGetString=no
ac_cv_lib_freetype_FT_Init_FreeType=yes
ac_cv_lib_m_sqrt=yes
ac_cv_objext=o
ac_cv_path_install='/usr/bin/install -c'
ac_cv_prog_AWK=awk
ac_cv_prog_CPP='gcc -E'
ac_cv_prog_ac_ct_CC=gcc
ac_cv_prog_ac_ct_CXX=g++
ac_cv_prog_ac_ct_RANLIB=ranlib
ac_cv_prog_ac_ct_STRIP=strip
ac_cv_prog_cc_g=yes
ac_cv_prog_cc_stdc=
ac_cv_prog_cxx_g=yes
ac_cv_prog_egrep='grep -E'
ac_cv_prog_make_make_set=yes
am_cv_CC_dependencies_compiler_type=gcc3
am_cv_CXX_dependencies_compiler_type=gcc3
lt_cv_archive_cmds_need_lc=yes
lt_cv_compiler_c_o=yes
lt_cv_compiler_o_lo=yes
lt_cv_deplibs_check_method='file_magic Mach-O dynamically linked shared library'
lt_cv_file_magic_cmd='/usr/bin/file -L'
lt_cv_file_magic_test_file=/usr/lib/libSystem.dylib
lt_cv_global_symbol_to_c_name_address='sed -n -e '\''s/^: \([^ ]*\) $/  {\"\1\", (lt_ptr) 0},/p'\'' -e '\''s/^[BCDEGRST] \([^ ]*\) \([^ ]*\)$/  {"\2", (lt_ptr) \&\2},/p'\'''
lt_cv_global_symbol_to_cdecl='sed -n -e '\''s/^. .* \(.*\)$/extern char \1;/p'\'''
lt_cv_ld_reload_flag=-r
lt_cv_path_LD=/Applications/Xcode.app/Contents/Developer/Toolchains/XcodeDefault.xctoolchain/usr/bin/ld
lt_cv_path_NM=/usr/bin/nm
lt_cv_path_SED=/usr/bin/sed
lt_cv_prog_cc_can_build_shared=yes
lt_cv_prog_cc_no_builtin=
lt_cv_prog_cc_pic=' -fno-common'
lt_cv_prog_cc_pic_works=yes
lt_cv_prog_cc_shlib=
lt_cv_prog_cc_static=
lt_cv_prog_cc_static_works=no
lt_cv_prog_cc_wl=-Wl,
lt_cv_prog_gnu_ld=no
lt_cv_sys_global_symbol_pipe='sed -n -e '\''s/^.*[ 	]\([BCDEGRST][BCDEGRST]*\)[ 	][ 	]*\(_\)\([_A-Za-z][_A-Za-z0-9]*\)$/\1 \2\3 \3/p'\'''

## ----------------- ##
## Output variables. ##
## ----------------- ##

ACLOCAL='${SHELL} /Users/33993405/Dropbox/ira_dev/Protobyte_0.1.0_quark/other_libs/oglft-0.9/config/missing --run aclocal-1.6'
AMDEPBACKSLASH='\'
AMDEP_FALSE='#'
AMDEP_TRUE=''
AMTAR='${SHELL} /Users/33993405/Dropbox/ira_dev/Protobyte_0.1.0_quark/other_libs/oglft-0.9/config/missing --run tar'
AUTOCONF='${SHELL} /Users/33993405/Dropbox/ira_dev/Protobyte_0.1.0_quark/other_libs/oglft-0.9/config/missing --run autoconf'
AUTOHEADER='${SHELL} /Users/33993405/Dropbox/ira_dev/Protobyte_0.1.0_quark/other_libs/oglft-0.9/config/missing --run autoheader'
AUTOMAKE='${SHELL} /Users/33993405/Dropbox/ira_dev/Protobyte_0.1.0_quark/other_libs/oglft-0.9/config/missing --run automake-1.6'
AWK='awk'
CC='gcc'
CCDEPMODE='depmode=gcc3'
CFLAGS='-g -O2'
CPP='gcc -E'
CPPFLAGS=' -I/usr/include/freetype2'
CXX='g++'
CXXDEPMODE='depmode=gcc3'
CXXFLAGS='-g -O2'
DEFS=''
DEPDIR='.deps'
ECHO='/bin/echo'
ECHO_C='ECHO_N=''
ECHO_T=''
EGREP='grep -E'
EXEEXT=''
INSTALL_DATA='${INSTALL} -m 644'
INSTALL_PROGRAM='${INSTALL}'
INSTALL_SCRIPT='${INSTALL}'
INSTALL_STRIP_PROGRAM='${SHELL} $(install_sh) -c -s'
LDFLAGS=''
LIBOBJS=''
LIBS='-lfreetype -lm '
LIBTOOL='$(SHELL) $(top_builddir)/libtool'
LN_S='ln -s'
LTLIBOBJS=''
MAKEINFO='${SHELL} /Users/33993405/Dropbox/ira_dev/Protobyte_0.1.0_quark/other_libs/oglft-0.9/config/missing --run makeinfo'
OBJEXT='o'
OGLFT_DEBUG_FALSE=''
OGLFT_DEBUG_TRUE=''
OGLFT_NO_QT_FALSE=''
OGLFT_NO_QT_TRUE=''
OGLFT_NO_SOLID_FALSE=''
OGLFT_NO_SOLID_TRUE=''
PACKAGE='oglft'
PACKAGE_BUGREPORT='oglft@lignumcomputing.com'
PACKAGE_NAME='OGLFT'
PACKAGE_STRING='OGLFT 0.9'
PACKAGE_TARNAME='oglft'
PACKAGE_VERSION='0.9'
PATH_SEPARATOR=':'
QTLIB=''
RANLIB='ranlib'
SET_MAKE=''
SHELL='/bin/sh'
STRIP='strip'
VERSION='0.9'
ac_ct_CC='gcc'
ac_ct_CXX='g++'
ac_ct_RANLIB='ranlib'
ac_ct_STRIP='strip'
am__include='include'
am__quote=''
bindir='${exec_prefix}/bin'
build='i386-apple-darwin13.0.0'
build_alias=''
build_cpu='i386'
build_os='darwin13.0.0'
build_vendor='apple'
datadir='${prefix}/share'
exec_prefix='NONE'
host='i386-apple-darwin13.0.0'
host_alias=''
host_cpu='i386'
host_os='darwin13.0.0'
host_vendor='apple'
includedir='${prefix}/include'
infodir='${prefix}/info'
install_sh='/Users/33993405/Dropbox/ira_dev/Protobyte_0.1.0_quark/other_libs/oglft-0.9/config/install-sh'
libdir='${exec_prefix}/lib'
libexecdir='${exec_prefix}/libexec'
localstatedir='${prefix}/var'
mandir='${prefix}/man'
oldincludedir='/usr/include'
prefix='NONE'
program_transform_name='s,x,x,'
sbindir='${exec_prefix}/sbin'
sharedstatedir='${prefix}/com'
sysconfdir='${prefix}/etc'
target_alias=''

## ----------- ##
## confdefs.h. ##
## ----------- ##

#define HAVE_DLFCN_H 1
#define HAVE_INTTYPES_H 1
#define HAVE_LIBFREETYPE 1
#define HAVE_LIBM 1
#define HAVE_MEMORY_H 1
#define HAVE_STDINT_H 1
#define HAVE_STDLIB_H 1
#define HAVE_STDLIB_H 1
#define HAVE_STRINGS_H 1
#define HAVE_STRING_H 1
#define HAVE_SYS_STAT_H 1
#define HAVE_SYS_TYPES_H 1
#define HAVE_UNISTD_H 1
#define HAVE_UNISTD_H 1
#define PACKAGE "oglft"
#define PACKAGE_BUGREPORT "oglft@lignumcomputing.com"
#define PACKAGE_NAME "OGLFT"
#define PACKAGE_STRING "OGLFT 0.9"
#define PACKAGE_TARNAME "oglft"
#define PACKAGE_VERSION "0.9"
#define STDC_HEADERS 1
#define STDC_HEADERS 1
#define VERSION "0.9"
#endif
#ifdef __cplusplus
#include <stdlib.h>

configure: exit 1
