Build started 9/15/2015 1:59:45 PM.
     1>Project "C:\Users\Ira\Dev\Protobyte_0.1.5_quark\Protobyte\Projects\ContextCreation\ContextCreation.vcxproj" on node 2 (Build target(s)).
     1>ClCompile:
         C:\Program Files (x86)\Microsoft Visual Studio 12.0\VC\bin\CL.exe /c /I..\..\ProtoInclude /I..\..\OtherLib\libtess2\Include /I"..\..\OtherLib\glew-1.10.0\glew-1.10.0\include" /I"..\..\OtherLib\glfw-3.0.4.bin.WIN32\include" /I..\..\OtherLib\glm /I..\..\OtherLib\FreeImage.WIN32\Dist\x32 /I..\..\OtherLib\dirent\include /I..\..\OtherLib\libTriangle\include /ZI /nologo /W3 /WX- /sdl /Od /Oy- /D _MBCS /Gm /EHsc /RTC1 /MDd /GS /fp:precise /Zc:wchar_t /Zc:forScope /Fo"Debug\\" /Fd"Debug\vc120.pdb" /Gd /TP /analyze- /errorReport:prompt ProtoController.cpp
         ProtoController.cpp
     1>c:\users\ira\dev\protobyte_0.1.5_quark\protobyte\protoinclude\protobaseapp.h(37): warning C4067: unexpected tokens following preprocessor directive - expected a newline
     1>c:\users\ira\dev\protobyte_0.1.5_quark\protobyte\protoinclude\protolight.h(93): warning C4305: '=' : truncation from 'double' to 'float'
     1>c:\users\ira\dev\protobyte_0.1.5_quark\protobyte\protoinclude\protodimension3.h(28): warning C4067: unexpected tokens following preprocessor directive - expected a newline
     1>c:\users\ira\dev\protobyte_0.1.5_quark\protobyte\protoinclude\protoshape3.h(55): warning C4005: 'GetCurrentDir' : macro redefinition
                 c:\users\ira\dev\protobyte_0.1.5_quark\protobyte\protoinclude\protoutility.h(62) : see previous definition of 'GetCurrentDir'
     1>c:\users\ira\dev\protobyte_0.1.5_quark\protobyte\protoinclude\protogeomset.h(63): warning C4018: '<' : signed/unsigned mismatch
     1>c:\users\ira\dev\protobyte_0.1.5_quark\protobyte\protoinclude\protogeom3.h(334): warning C4018: '<' : signed/unsigned mismatch
     1>c:\users\ira\dev\protobyte_0.1.5_quark\protobyte\protoinclude\protoworld.h(324): warning C4305: 'argument' : truncation from 'double' to 'float'
     1>c:\users\ira\dev\protobyte_0.1.5_quark\protobyte\protoinclude\prototoroid.h(60): warning C4305: 'initializing' : truncation from 'double' to 'float'
     1>c:\users\ira\dev\protobyte_0.1.5_quark\protobyte\protoinclude\protocephalopod.h(128): warning C4244: 'return' : conversion from 'time_t' to 'long', possible loss of data
     1>c:\users\ira\dev\protobyte_0.1.5_quark\protobyte\protoinclude\protobaseapp.h(488): warning C4237: 'export' keyword is not yet supported, but reserved for future use
     1>c:\users\ira\dev\protobyte_0.1.5_quark\protobyte\protoinclude\protobaseapp.h(491): warning C4237: 'export' keyword is not yet supported, but reserved for future use
     1>c:\users\ira\dev\protobyte_0.1.5_quark\protobyte\protoinclude\protobaseapp.h(492): warning C4237: 'export' keyword is not yet supported, but reserved for future use
     1>c:\users\ira\dev\protobyte_0.1.5_quark\protobyte\protoinclude\protobaseapp.h(493): warning C4237: 'export' keyword is not yet supported, but reserved for future use
     1>c:\users\ira\dev\protobyte_0.1.5_quark\protobyte\protoinclude\protobaseapp.h(494): warning C4237: 'export' keyword is not yet supported, but reserved for future use
     1>c:\users\ira\dev\protobyte_0.1.5_quark\protobyte\protoinclude\protobaseapp.h(497): warning C4237: 'export' keyword is not yet supported, but reserved for future use
     1>c:\users\ira\dev\protobyte_0.1.5_quark\protobyte\protoinclude\protobaseapp.h(721): warning C4244: '=' : conversion from 'float' to 'int', possible loss of data
     1>c:\users\ira\dev\protobyte_0.1.5_quark\protobyte\projects\contextcreation\protocontroller.cpp(36): warning C4305: 'argument' : truncation from 'double' to 'float'
     1>c:\users\ira\dev\protobyte_0.1.5_quark\protobyte\projects\contextcreation\protocontroller.cpp(36): warning C4244: 'argument' : conversion from 'double' to 'float', possible loss of data
     1>c:\users\ira\dev\protobyte_0.1.5_quark\protobyte\projects\contextcreation\protocontroller.cpp(42): warning C4244: 'argument' : conversion from 'double' to 'float', possible loss of data
     1>c:\users\ira\dev\protobyte_0.1.5_quark\protobyte\projects\contextcreation\protocontroller.cpp(48): warning C4305: 'argument' : truncation from 'double' to 'float'
     1>c:\users\ira\dev\protobyte_0.1.5_quark\protobyte\projects\contextcreation\protocontroller.cpp(48): warning C4244: 'argument' : conversion from 'double' to 'float', possible loss of data
     1>c:\users\ira\dev\protobyte_0.1.5_quark\protobyte\projects\contextcreation\protocontroller.cpp(54): warning C4244: 'argument' : conversion from 'double' to 'float', possible loss of data
     1>c:\users\ira\dev\protobyte_0.1.5_quark\protobyte\projects\contextcreation\protocontroller.cpp(55): warning C4244: 'argument' : conversion from 'double' to 'float', possible loss of data
     1>c:\users\ira\dev\protobyte_0.1.5_quark\protobyte\projects\contextcreation\protocontroller.cpp(56): warning C4244: 'argument' : conversion from 'double' to 'float', possible loss of data
       Link:
         C:\Program Files (x86)\Microsoft Visual Studio 12.0\VC\bin\link.exe /ERRORREPORT:PROMPT /OUT:"C:\Users\Ira\Dev\Protobyte_0.1.5_quark\Protobyte\Projects\ContextCreation\Debug\ContextCreation.exe" /INCREMENTAL /NOLOGO /LIBPATH:..\..\ProtoSrc /LIBPATH:"..\..\OtherLib\glfw-3.0.4.bin.WIN32\lib-msvc110" /LIBPATH:"..\..\OtherLib\glew-1.10.0\glew-1.10.0\lib\Release\Win32" /LIBPATH:..\..\OtherLib\FreeImage.WIN32\Dist\x32 /LIBPATH:..\..\OtherLib\libTriangle\lib glew32s.lib opengl32.lib glu32.lib glfw3.lib FreeImaged.lib ws2_32.lib Winmm.lib triangle.lib kernel32.lib user32.lib gdi32.lib winspool.lib comdlg32.lib advapi32.lib shell32.lib ole32.lib oleaut32.lib uuid.lib odbc32.lib odbccp32.lib /MANIFEST /MANIFESTUAC:"level='asInvoker' uiAccess='false'" /manifest:embed /DEBUG /PDB:"C:\Users\Ira\Dev\Protobyte_0.1.5_quark\Protobyte\Projects\ContextCreation\Debug\ContextCreation.pdb" /TLBID:1 /DYNAMICBASE /NXCOMPAT /IMPLIB:"C:\Users\Ira\Dev\Protobyte_0.1.5_quark\Protobyte\Projects\ContextCreation\Debug\ContextCreation.lib" /MACHINE:X86 Debug\ProtoBaseApp.obj
         Debug\ProtoBlock.obj
         Debug\ProtoCamera.obj
         Debug\ProtoCephalopod.obj
         Debug\ProtoCilia.obj
         Debug\ProtoContext.obj
         Debug\ProtoCurve3.obj
         Debug\ProtoCylinder.obj
         Debug\ProtoEllipse.obj
         Debug\ProtoException.obj
         Debug\ProtoFace3.obj
         Debug\ProtoFrenetFrame.obj
         Debug\ProtoGeom2.obj
         Debug\ProtoGeom3.obj
         Debug\ProtoGeomComposite.obj
         Debug\ProtoGeosphere.obj
         Debug\ProtoGroundPlane.obj
         Debug\ProtoJuncusEffusus.obj
         Debug\ProtoLight.obj
         Debug\ProtoMath.obj
         Debug\ProtoPath2.obj
         Debug\ProtoPath3.obj
         Debug\ProtoPlane.obj
         Debug\ProtoPlasm.obj
         Debug\ProtoQuaternion.obj
         Debug\ProtoRenderer.obj
         Debug\ProtoRootBall.obj
         Debug\ProtoShader.obj
         Debug\ProtoShape3.obj
         Debug\ProtoSphere.obj
         Debug\ProtoSpline3.obj
         Debug\ProtoTentacle.obj
         Debug\ProtoTessellator.obj
         Debug\ProtoTexture.obj
         Debug\ProtoToroid.obj
         Debug\ProtoTransformFunction.obj
         Debug\ProtoTube.obj
         Debug\ProtoUtility.obj
         Debug\ProtoVerletBall.obj
         Debug\ProtoVerletStick.obj
         Debug\ProtoVertex3.obj
         Debug\ProtoWorld.obj
         Debug\ProtoController.obj
         Debug\ProtoMain.obj
         ContextCreation.vcxproj -> C:\Users\Ira\Dev\Protobyte_0.1.5_quark\Protobyte\Projects\ContextCreation\Debug\ContextCreation.exe
     1>Done Building Project "C:\Users\Ira\Dev\Protobyte_0.1.5_quark\Protobyte\Projects\ContextCreation\ContextCreation.vcxproj" (Build target(s)).

Build succeeded.

Time Elapsed 00:00:01.69
