c:\users\ira\dev\protobyte_0.1.5_quark\protobyte_structure_\protobyte\projects\protoapp\debug\vc120.pdb
c:\users\ira\dev\protobyte_0.1.5_quark\protobyte_structure_\protobyte\projects\protoapp\debug\vc120.idb
c:\users\ira\dev\protobyte_0.1.5_quark\protobyte_structure_\protobyte\projects\protoapp\debug\protomain.obj
c:\users\ira\dev\protobyte_0.1.5_quark\protobyte_structure_\protobyte\projects\protoapp\debug\protoquaternion.obj
c:\users\ira\dev\protobyte_0.1.5_quark\protobyte_structure_\protobyte\projects\protoapp\debug\protorenderer.obj
c:\users\ira\dev\protobyte_0.1.5_quark\protobyte_structure_\protobyte\projects\protoapp\debug\protorootball.obj
c:\users\ira\dev\protobyte_0.1.5_quark\protobyte_structure_\protobyte\projects\protoapp\debug\protoshader.obj
c:\users\ira\dev\protobyte_0.1.5_quark\protobyte_structure_\protobyte\projects\protoapp\debug\protoshape3.obj
c:\users\ira\dev\protobyte_0.1.5_quark\protobyte_structure_\protobyte\projects\protoapp\debug\protosphere.obj
c:\users\ira\dev\protobyte_0.1.5_quark\protobyte_structure_\protobyte\projects\protoapp\debug\protospline3.obj
c:\users\ira\dev\protobyte_0.1.5_quark\protobyte_structure_\protobyte\projects\protoapp\debug\prototentacle.obj
c:\users\ira\dev\protobyte_0.1.5_quark\protobyte_structure_\protobyte\projects\protoapp\debug\prototessellator.obj
c:\users\ira\dev\protobyte_0.1.5_quark\protobyte_structure_\protobyte\projects\protoapp\debug\prototexture.obj
c:\users\ira\dev\protobyte_0.1.5_quark\protobyte_structure_\protobyte\projects\protoapp\debug\prototoroid.obj
c:\users\ira\dev\protobyte_0.1.5_quark\protobyte_structure_\protobyte\projects\protoapp\debug\prototransformfunction.obj
c:\users\ira\dev\protobyte_0.1.5_quark\protobyte_structure_\protobyte\projects\protoapp\debug\prototube.obj
c:\users\ira\dev\protobyte_0.1.5_quark\protobyte_structure_\protobyte\projects\protoapp\debug\protoutility.obj
c:\users\ira\dev\protobyte_0.1.5_quark\protobyte_structure_\protobyte\projects\protoapp\debug\protoverletball.obj
c:\users\ira\dev\protobyte_0.1.5_quark\protobyte_structure_\protobyte\projects\protoapp\debug\protoverletstick.obj
c:\users\ira\dev\protobyte_0.1.5_quark\protobyte_structure_\protobyte\projects\protoapp\debug\protovertex3.obj
c:\users\ira\dev\protobyte_0.1.5_quark\protobyte_structure_\protobyte\projects\protoapp\debug\protoworld.obj
c:\users\ira\dev\protobyte_0.1.5_quark\protobyte_structure_\protobyte\projects\protoapp\debug\protoapp.obj
c:\users\ira\dev\protobyte_0.1.5_quark\protobyte_structure_\protobyte\projects\protoapp\debug\protocephalopod.obj
c:\users\ira\dev\protobyte_0.1.5_quark\protobyte_structure_\protobyte\projects\protoapp\debug\protocilia.obj
c:\users\ira\dev\protobyte_0.1.5_quark\protobyte_structure_\protobyte\projects\protoapp\debug\protocurve3.obj
c:\users\ira\dev\protobyte_0.1.5_quark\protobyte_structure_\protobyte\projects\protoapp\debug\protocylinder.obj
c:\users\ira\dev\protobyte_0.1.5_quark\protobyte_structure_\protobyte\projects\protoapp\debug\protoellipse.obj
c:\users\ira\dev\protobyte_0.1.5_quark\protobyte_structure_\protobyte\projects\protoapp\debug\protoface3.obj
c:\users\ira\dev\protobyte_0.1.5_quark\protobyte_structure_\protobyte\projects\protoapp\debug\protofrenetframe.obj
c:\users\ira\dev\protobyte_0.1.5_quark\protobyte_structure_\protobyte\projects\protoapp\debug\protogeom2.obj
c:\users\ira\dev\protobyte_0.1.5_quark\protobyte_structure_\protobyte\projects\protoapp\debug\protogeom3.obj
c:\users\ira\dev\protobyte_0.1.5_quark\protobyte_structure_\protobyte\projects\protoapp\debug\protogeosphere.obj
c:\users\ira\dev\protobyte_0.1.5_quark\protobyte_structure_\protobyte\projects\protoapp\debug\protogroundplane.obj
c:\users\ira\dev\protobyte_0.1.5_quark\protobyte_structure_\protobyte\projects\protoapp\debug\protojuncuseffusus.obj
c:\users\ira\dev\protobyte_0.1.5_quark\protobyte_structure_\protobyte\projects\protoapp\debug\protolight.obj
c:\users\ira\dev\protobyte_0.1.5_quark\protobyte_structure_\protobyte\projects\protoapp\debug\protomath.obj
c:\users\ira\dev\protobyte_0.1.5_quark\protobyte_structure_\protobyte\projects\protoapp\debug\protoosc.obj
c:\users\ira\dev\protobyte_0.1.5_quark\protobyte_structure_\protobyte\projects\protoapp\debug\protopath3.obj
c:\users\ira\dev\protobyte_0.1.5_quark\protobyte_structure_\protobyte\projects\protoapp\debug\protoplane.obj
c:\users\ira\dev\protobyte_0.1.5_quark\protobyte_structure_\protobyte\projects\protoapp\debug\protoplasm.obj
c:\users\ira\dev\protobyte_0.1.5_quark\protobyte_structure_\protobyte\projects\protoapp\debug\protobaseapp.obj
c:\users\ira\dev\protobyte_0.1.5_quark\protobyte_structure_\protobyte\projects\protoapp\debug\protoblock.obj
c:\users\ira\dev\protobyte_0.1.5_quark\protobyte_structure_\protobyte\projects\protoapp\debug\protocamera.obj
c:\users\ira\dev\protobyte_0.1.5_quark\protobyte_structure_\protobyte\projects\protoapp\debug\protopath2.obj
c:\users\ira\dev\protobyte_0.1.5_quark\protobyte\projects\protoapp\debug\protoapp.obj
c:\users\ira\dev\protobyte_0.1.5_quark\protobyte\projects\protoapp\debug\protobaseapp.obj
c:\users\ira\dev\protobyte_0.1.5_quark\protobyte\projects\protoapp\debug\protoblock.obj
c:\users\ira\dev\protobyte_0.1.5_quark\protobyte\projects\protoapp\debug\protocamera.obj
c:\users\ira\dev\protobyte_0.1.5_quark\protobyte\projects\protoapp\debug\protocephalopod.obj
c:\users\ira\dev\protobyte_0.1.5_quark\protobyte\projects\protoapp\debug\protocilia.obj
c:\users\ira\dev\protobyte_0.1.5_quark\protobyte\projects\protoapp\debug\protocurve3.obj
c:\users\ira\dev\protobyte_0.1.5_quark\protobyte\projects\protoapp\debug\protocylinder.obj
c:\users\ira\dev\protobyte_0.1.5_quark\protobyte\projects\protoapp\debug\protoellipse.obj
c:\users\ira\dev\protobyte_0.1.5_quark\protobyte\projects\protoapp\debug\protoface3.obj
c:\users\ira\dev\protobyte_0.1.5_quark\protobyte\projects\protoapp\debug\protofrenetframe.obj
c:\users\ira\dev\protobyte_0.1.5_quark\protobyte\projects\protoapp\debug\protogeom2.obj
c:\users\ira\dev\protobyte_0.1.5_quark\protobyte\projects\protoapp\debug\protogeom3.obj
c:\users\ira\dev\protobyte_0.1.5_quark\protobyte\projects\protoapp\debug\protogeosphere.obj
c:\users\ira\dev\protobyte_0.1.5_quark\protobyte\projects\protoapp\debug\protogroundplane.obj
c:\users\ira\dev\protobyte_0.1.5_quark\protobyte\projects\protoapp\debug\protojuncuseffusus.obj
c:\users\ira\dev\protobyte_0.1.5_quark\protobyte\projects\protoapp\debug\protolight.obj
c:\users\ira\dev\protobyte_0.1.5_quark\protobyte\projects\protoapp\debug\protomain.obj
c:\users\ira\dev\protobyte_0.1.5_quark\protobyte\projects\protoapp\debug\protomath.obj
c:\users\ira\dev\protobyte_0.1.5_quark\protobyte\projects\protoapp\debug\protoosc.obj
c:\users\ira\dev\protobyte_0.1.5_quark\protobyte\projects\protoapp\debug\protopath2.obj
c:\users\ira\dev\protobyte_0.1.5_quark\protobyte\projects\protoapp\debug\protopath3.obj
c:\users\ira\dev\protobyte_0.1.5_quark\protobyte\projects\protoapp\debug\protoplane.obj
c:\users\ira\dev\protobyte_0.1.5_quark\protobyte\projects\protoapp\debug\protoplasm.obj
c:\users\ira\dev\protobyte_0.1.5_quark\protobyte\projects\protoapp\debug\protoquaternion.obj
c:\users\ira\dev\protobyte_0.1.5_quark\protobyte\projects\protoapp\debug\protorenderer.obj
c:\users\ira\dev\protobyte_0.1.5_quark\protobyte\projects\protoapp\debug\protorootball.obj
c:\users\ira\dev\protobyte_0.1.5_quark\protobyte\projects\protoapp\debug\protoshader.obj
c:\users\ira\dev\protobyte_0.1.5_quark\protobyte\projects\protoapp\debug\protoshape3.obj
c:\users\ira\dev\protobyte_0.1.5_quark\protobyte\projects\protoapp\debug\protosphere.obj
c:\users\ira\dev\protobyte_0.1.5_quark\protobyte\projects\protoapp\debug\protospline3.obj
c:\users\ira\dev\protobyte_0.1.5_quark\protobyte\projects\protoapp\debug\prototentacle.obj
c:\users\ira\dev\protobyte_0.1.5_quark\protobyte\projects\protoapp\debug\prototessellator.obj
c:\users\ira\dev\protobyte_0.1.5_quark\protobyte\projects\protoapp\debug\prototexture.obj
c:\users\ira\dev\protobyte_0.1.5_quark\protobyte\projects\protoapp\debug\prototoroid.obj
c:\users\ira\dev\protobyte_0.1.5_quark\protobyte\projects\protoapp\debug\prototransformfunction.obj
c:\users\ira\dev\protobyte_0.1.5_quark\protobyte\projects\protoapp\debug\prototube.obj
c:\users\ira\dev\protobyte_0.1.5_quark\protobyte\projects\protoapp\debug\protoutility.obj
c:\users\ira\dev\protobyte_0.1.5_quark\protobyte\projects\protoapp\debug\protoverletball.obj
c:\users\ira\dev\protobyte_0.1.5_quark\protobyte\projects\protoapp\debug\protoverletstick.obj
c:\users\ira\dev\protobyte_0.1.5_quark\protobyte\projects\protoapp\debug\protovertex3.obj
c:\users\ira\dev\protobyte_0.1.5_quark\protobyte\projects\protoapp\debug\protoworld.obj
c:\users\ira\dev\protobyte_0.1.5_quark\protobyte\projects\protoapp\debug\vc120.idb
c:\users\ira\dev\protobyte_0.1.5_quark\protobyte\projects\protoapp\debug\protoapp.pdb
c:\users\ira\dev\protobyte_0.1.5_quark\protobyte\projects\protoapp\debug\vc120.pdb
c:\users\ira\dev\protobyte_0.1.5_quark\protobyte\projects\protoapp\debug\protoapp.tlog\cl.command.1.tlog
c:\users\ira\dev\protobyte_0.1.5_quark\protobyte\projects\protoapp\debug\protoapp.tlog\cl.read.1.tlog
c:\users\ira\dev\protobyte_0.1.5_quark\protobyte\projects\protoapp\debug\protoapp.tlog\cl.write.1.tlog
c:\users\ira\dev\protobyte_0.1.5_quark\protobyte\projects\protoapp\debug\protoapp.tlog\link.16540.10688.read.1.tlog
c:\users\ira\dev\protobyte_0.1.5_quark\protobyte\projects\protoapp\debug\protoapp.tlog\link.16540.10688.write.1.tlog
c:\users\ira\dev\protobyte_0.1.5_quark\protobyte\projects\protoapp\debug\protoapp.tlog\link.16540.read.1.tlog
c:\users\ira\dev\protobyte_0.1.5_quark\protobyte\projects\protoapp\debug\protoapp.tlog\link.16540.write.1.tlog
c:\users\ira\dev\protobyte_0.1.5_quark\protobyte\projects\protoapp\debug\protoapp.tlog\link.command.1.tlog
c:\users\ira\dev\protobyte_0.1.5_quark\protobyte\projects\protoapp\debug\protoapp.tlog\link.read.1.tlog
c:\users\ira\dev\protobyte_0.1.5_quark\protobyte\projects\protoapp\debug\protoapp.tlog\link.write.1.tlog
