This file contains any messages produced by compilers while
running configure, to aid debugging if configure makes a mistake.

It was created by FreeType configure 2.5.2, which was
generated by GNU Autoconf 2.69.  Invocation command line was

  $ ./configure 

## --------- ##
## Platform. ##
## --------- ##

hostname = ITS18807
uname -m = x86_64
uname -r = 13.0.0
uname -s = Darwin
uname -v = Darwin Kernel Version 13.0.0: Thu Sep 19 22:22:27 PDT 2013; root:xnu-2422.1.72~6/RELEASE_X86_64

/usr/bin/uname -p = i386
/bin/uname -X     = unknown

/bin/arch              = unknown
/usr/bin/arch -k       = unknown
/usr/convex/getsysinfo = unknown
/usr/bin/hostinfo      = Mach kernel version:
	 Darwin Kernel Version 13.0.0: Thu Sep 19 22:22:27 PDT 2013; root:xnu-2422.1.72~6/RELEASE_X86_64
Kernel configured for up to 8 processors.
4 processors are physically available.
8 processors are logically available.
Processor type: i486 (Intel 80486)
Processors active: 0 1 2 3 4 5 6 7
Primary memory available: 16.00 gigabytes
Default processor set: 190 tasks, 843 threads, 8 processors
Load average: 2.38, Mach factor: 5.60
/bin/machine           = unknown
/usr/bin/oslevel       = unknown
/bin/universe          = unknown

PATH: /usr/bin
PATH: /bin
PATH: /usr/sbin
PATH: /sbin
PATH: /usr/local/bin
PATH: /opt/X11/bin


## ----------- ##
## Core tests. ##
## ----------- ##

configure:2484: checking build system type
configure:2498: result: x86_64-apple-darwin13.0.0
configure:2518: checking host system type
configure:2531: result: x86_64-apple-darwin13.0.0
configure:2603: checking for gcc
configure:2619: found /usr/bin/gcc
configure:2630: result: gcc
configure:2859: checking for C compiler version
configure:2868: gcc --version >&5
Apple LLVM version 5.0 (clang-500.2.79) (based on LLVM 3.3svn)
Target: x86_64-apple-darwin13.0.0
Thread model: posix
Configured with: --prefix=/Applications/Xcode.app/Contents/Developer/usr --with-gxx-include-dir=/usr/include/c++/4.2.1
configure:2879: $? = 0
configure:2868: gcc -v >&5
Configured with: --prefix=/Applications/Xcode.app/Contents/Developer/usr --with-gxx-include-dir=/usr/include/c++/4.2.1
Apple LLVM version 5.0 (clang-500.2.79) (based on LLVM 3.3svn)
Target: x86_64-apple-darwin13.0.0
Thread model: posix
configure:2879: $? = 0
configure:2868: gcc -V >&5
clang: error: argument to '-V' is missing (expected 1 value)
clang: error: no input files
configure:2879: $? = 1
configure:2868: gcc -qversion >&5
clang: error: no input files
configure:2879: $? = 1
configure:2899: checking whether the C compiler works
configure:2921: gcc    conftest.c  >&5
configure:2925: $? = 0
configure:2973: result: yes
configure:2976: checking for C compiler default output file name
configure:2978: result: a.out
configure:2984: checking for suffix of executables
configure:2991: gcc -o conftest    conftest.c  >&5
configure:2995: $? = 0
configure:3017: result: 
configure:3039: checking whether we are cross compiling
configure:3047: gcc -o conftest    conftest.c  >&5
configure:3051: $? = 0
configure:3058: ./conftest
configure:3062: $? = 0
configure:3077: result: no
configure:3082: checking for suffix of object files
configure:3104: gcc -c   conftest.c >&5
configure:3108: $? = 0
configure:3129: result: o
configure:3133: checking whether we are using the GNU C compiler
configure:3152: gcc -c   conftest.c >&5
configure:3152: $? = 0
configure:3161: result: yes
configure:3170: checking whether gcc accepts -g
configure:3190: gcc -c -g  conftest.c >&5
configure:3190: $? = 0
configure:3231: result: yes
configure:3248: checking for gcc option to accept ISO C89
configure:3311: gcc  -c -g -O2  conftest.c >&5
configure:3311: $? = 0
configure:3324: result: none needed
configure:3349: checking how to run the C preprocessor
configure:3380: gcc -E  conftest.c
configure:3380: $? = 0
configure:3394: gcc -E  conftest.c
conftest.c:9:10: fatal error: 'ac_nonexistent.h' file not found
#include <ac_nonexistent.h>
         ^
1 error generated.
configure:3394: $? = 1
configure: failed program was:
| /* confdefs.h */
| #define PACKAGE_NAME "FreeType"
| #define PACKAGE_TARNAME "freetype"
| #define PACKAGE_VERSION "2.5.2"
| #define PACKAGE_STRING "FreeType 2.5.2"
| #define PACKAGE_BUGREPORT "freetype@nongnu.org"
| #define PACKAGE_URL ""
| /* end confdefs.h.  */
| #include <ac_nonexistent.h>
configure:3419: result: gcc -E
configure:3439: gcc -E  conftest.c
configure:3439: $? = 0
configure:3453: gcc -E  conftest.c
conftest.c:9:10: fatal error: 'ac_nonexistent.h' file not found
#include <ac_nonexistent.h>
         ^
1 error generated.
configure:3453: $? = 1
configure: failed program was:
| /* confdefs.h */
| #define PACKAGE_NAME "FreeType"
| #define PACKAGE_TARNAME "freetype"
| #define PACKAGE_VERSION "2.5.2"
| #define PACKAGE_STRING "FreeType 2.5.2"
| #define PACKAGE_BUGREPORT "freetype@nongnu.org"
| #define PACKAGE_URL ""
| /* end confdefs.h.  */
| #include <ac_nonexistent.h>
configure:3646: checking for rmdir
configure:3662: found /bin/rmdir
configure:3673: result: rmdir
configure:3701: checking for a BSD-compatible install
configure:3769: result: /usr/bin/install -c
configure:3793: checking for grep that handles long lines and -e
configure:3851: result: /usr/bin/grep
configure:3856: checking for egrep
configure:3918: result: /usr/bin/grep -E
configure:3923: checking for ANSI C header files
configure:3943: gcc -c -g -O2  conftest.c >&5
configure:3943: $? = 0
configure:4016: gcc -o conftest -g -O2   conftest.c  >&5
configure:4016: $? = 0
configure:4016: ./conftest
configure:4016: $? = 0
configure:4027: result: yes
configure:4040: checking for sys/types.h
configure:4040: gcc -c -g -O2  conftest.c >&5
configure:4040: $? = 0
configure:4040: result: yes
configure:4040: checking for sys/stat.h
configure:4040: gcc -c -g -O2  conftest.c >&5
configure:4040: $? = 0
configure:4040: result: yes
configure:4040: checking for stdlib.h
configure:4040: gcc -c -g -O2  conftest.c >&5
configure:4040: $? = 0
configure:4040: result: yes
configure:4040: checking for string.h
configure:4040: gcc -c -g -O2  conftest.c >&5
configure:4040: $? = 0
configure:4040: result: yes
configure:4040: checking for memory.h
configure:4040: gcc -c -g -O2  conftest.c >&5
configure:4040: $? = 0
configure:4040: result: yes
configure:4040: checking for strings.h
configure:4040: gcc -c -g -O2  conftest.c >&5
configure:4040: $? = 0
configure:4040: result: yes
configure:4040: checking for inttypes.h
configure:4040: gcc -c -g -O2  conftest.c >&5
configure:4040: $? = 0
configure:4040: result: yes
configure:4040: checking for stdint.h
configure:4040: gcc -c -g -O2  conftest.c >&5
configure:4040: $? = 0
configure:4040: result: yes
configure:4040: checking for unistd.h
configure:4040: gcc -c -g -O2  conftest.c >&5
configure:4040: $? = 0
configure:4040: result: yes
configure:4055: checking fcntl.h usability
configure:4055: gcc -c -g -O2  conftest.c >&5
configure:4055: $? = 0
configure:4055: result: yes
configure:4055: checking fcntl.h presence
configure:4055: gcc -E  conftest.c
configure:4055: $? = 0
configure:4055: result: yes
configure:4055: checking for fcntl.h
configure:4055: result: yes
configure:4055: checking for unistd.h
configure:4055: result: yes
configure:4069: checking for an ANSI C-conforming const
configure:4135: gcc -c -g -O2  conftest.c >&5
configure:4135: $? = 0
configure:4142: result: yes
configure:4154: checking size of int
configure:4159: gcc -o conftest -g -O2   conftest.c  >&5
configure:4159: $? = 0
configure:4159: ./conftest
configure:4159: $? = 0
configure:4173: result: 4
configure:4187: checking size of long
configure:4192: gcc -o conftest -g -O2   conftest.c  >&5
configure:4192: $? = 0
configure:4192: ./conftest
configure:4192: $? = 0
configure:4206: result: 8
configure:4220: checking whether cpp computation of bit length in ftconfig.in works
configure:4277: result: yes
configure:4315: checking for stdlib.h
configure:4315: result: yes
configure:4315: checking for unistd.h
configure:4315: result: yes
configure:4315: checking for sys/param.h
configure:4315: gcc -c -g -O2  conftest.c >&5
configure:4315: $? = 0
configure:4315: result: yes
configure:4335: checking for getpagesize
configure:4335: gcc -o conftest -g -O2   conftest.c  >&5
configure:4335: $? = 0
configure:4335: result: yes
configure:4344: checking for working mmap
configure:4491: gcc -o conftest -g -O2   conftest.c  >&5
configure:4491: $? = 0
configure:4491: ./conftest
configure:4491: $? = 0
configure:4501: result: yes
configure:4517: checking whether munmap is declared
configure:4517: gcc -c -g -O2  conftest.c >&5
configure:4517: $? = 0
configure:4517: result: yes
configure:4537: checking for munmap's first parameter type
configure:4551: gcc -c -g -O2  conftest.c >&5
configure:4551: $? = 0
configure:4552: result: void *
configure:4569: checking for memcpy
configure:4569: gcc -o conftest -g -O2   conftest.c  >&5
conftest.c:53:6: warning: incompatible redeclaration of library function 'memcpy' [-Wincompatible-library-redeclaration]
char memcpy ();
     ^
conftest.c:53:6: note: 'memcpy' is a builtin with type 'void *(void *, const void *, unsigned long)'
1 warning generated.
configure:4569: $? = 0
configure:4569: result: yes
configure:4569: checking for memmove
configure:4569: gcc -o conftest -g -O2   conftest.c  >&5
conftest.c:54:6: warning: incompatible redeclaration of library function 'memmove' [-Wincompatible-library-redeclaration]
char memmove ();
     ^
conftest.c:54:6: note: 'memmove' is a builtin with type 'void *(void *, const void *, unsigned long)'
1 warning generated.
configure:4569: $? = 0
configure:4569: result: yes
configure:4592: checking gcc compiler flag -pedantic to assure ANSI C works correctly
configure:4609: gcc -c -g -O2  -pedantic  conftest.c >&5
configure:4609: $? = 0
configure:4611: result: ok, add it to XX_ANSIFLAGS
configure:4592: checking gcc compiler flag -ansi to assure ANSI C works correctly
configure:4609: gcc -c -g -O2  -pedantic -ansi  conftest.c >&5
configure:4609: $? = 0
configure:4611: result: ok, add it to XX_ANSIFLAGS
configure:4651: checking for gzsetparams in -lz
configure:4676: gcc -o conftest -g -O2   conftest.c -lz   >&5
configure:4676: $? = 0
configure:4685: result: yes
configure:4688: checking zlib.h usability
configure:4688: gcc -c -g -O2  conftest.c >&5
configure:4688: $? = 0
configure:4688: result: yes
configure:4688: checking zlib.h presence
configure:4688: gcc -E  conftest.c
configure:4688: $? = 0
configure:4688: result: yes
configure:4688: checking for zlib.h
configure:4688: result: yes
configure:4712: checking for BZ2_bzDecompress in -lbz2
configure:4737: gcc -o conftest -g -O2   conftest.c -lbz2   >&5
configure:4737: $? = 0
configure:4746: result: yes
configure:4749: checking bzlib.h usability
configure:4749: gcc -c -g -O2  conftest.c >&5
configure:4749: $? = 0
configure:4749: result: yes
configure:4749: checking bzlib.h presence
configure:4749: gcc -E  conftest.c
configure:4749: $? = 0
configure:4749: result: yes
configure:4749: checking for bzlib.h
configure:4749: result: yes
configure:4773: checking for libpng
configure:4790: result: -L/opt/X11/lib -lpng15
configure:5428: checking how to print strings
configure:5455: result: printf
configure:5476: checking for a sed that does not truncate output
configure:5540: result: /usr/bin/sed
configure:5558: checking for fgrep
configure:5620: result: /usr/bin/grep -F
configure:5655: checking for ld used by gcc
configure:5722: result: /Applications/Xcode.app/Contents/Developer/Toolchains/XcodeDefault.xctoolchain/usr/bin/ld
configure:5729: checking if the linker (/Applications/Xcode.app/Contents/Developer/Toolchains/XcodeDefault.xctoolchain/usr/bin/ld) is GNU ld
configure:5744: result: no
configure:5756: checking for BSD- or MS-compatible name lister (nm)
configure:5805: result: /usr/bin/nm
configure:5935: checking the name lister (/usr/bin/nm) interface
configure:5942: gcc -c -g -O2 -DDARWIN_NO_CARBON  conftest.c >&5
configure:5945: /usr/bin/nm "conftest.o"
configure:5948: output
0000000000000244 S _some_variable
configure:5955: result: BSD nm
configure:5958: checking whether ln -s works
configure:5962: result: yes
configure:5970: checking the maximum length of command line arguments
configure:6100: result: 196608
configure:6117: checking whether the shell understands some XSI constructs
configure:6127: result: yes
configure:6131: checking whether the shell understands "+="
configure:6137: result: yes
configure:6172: checking how to convert x86_64-apple-darwin13.0.0 file names to x86_64-apple-darwin13.0.0 format
configure:6212: result: func_convert_file_noop
configure:6219: checking how to convert x86_64-apple-darwin13.0.0 file names to toolchain format
configure:6239: result: func_convert_file_noop
configure:6246: checking for /Applications/Xcode.app/Contents/Developer/Toolchains/XcodeDefault.xctoolchain/usr/bin/ld option to reload object files
configure:6253: result: -r
configure:6327: checking for objdump
configure:6357: result: no
configure:6383: checking how to recognize dependent libraries
configure:6585: result: pass_all
configure:6670: checking for dlltool
configure:6700: result: no
configure:6727: checking how to associate runtime and link libraries
configure:6754: result: printf %s\n
configure:6814: checking for ar
configure:6830: found /usr/bin/ar
configure:6841: result: ar
configure:6878: checking for archiver @FILE support
configure:6895: gcc -c -g -O2 -DDARWIN_NO_CARBON  conftest.c >&5
configure:6895: $? = 0
configure:6898: ar cru libconftest.a @conftest.lst >&5
ar: @conftest.lst: No such file or directory
configure:6901: $? = 1
configure:6921: result: no
configure:6979: checking for strip
configure:6995: found /usr/bin/strip
configure:7006: result: strip
configure:7078: checking for ranlib
configure:7094: found /usr/bin/ranlib
configure:7105: result: ranlib
configure:7182: checking for gawk
configure:7212: result: no
configure:7182: checking for mawk
configure:7212: result: no
configure:7182: checking for nawk
configure:7212: result: no
configure:7182: checking for awk
configure:7198: found /usr/bin/awk
configure:7209: result: awk
configure:7249: checking command to parse /usr/bin/nm output from gcc object
configure:7369: gcc -c -g -O2 -DDARWIN_NO_CARBON  conftest.c >&5
configure:7372: $? = 0
configure:7376: /usr/bin/nm conftest.o \| sed -n -e 's/^.*[ ]\([BCDEGRST][BCDEGRST]*\)[ ][ ]*\([_A-Za-z][_A-Za-z0-9]*\)$/\1 \2 \2/p' | sed '/ __gnu_lto/d' \> conftest.nm
configure:7379: $? = 0
cannot find nm_test_var in conftest.nm
configure:7369: gcc -c -g -O2 -DDARWIN_NO_CARBON  conftest.c >&5
configure:7372: $? = 0
configure:7376: /usr/bin/nm conftest.o \| sed -n -e 's/^.*[ ]\([BCDEGRST][BCDEGRST]*\)[ ][ ]*_\([_A-Za-z][_A-Za-z0-9]*\)$/\1 _\2 \2/p' | sed '/ __gnu_lto/d' \> conftest.nm
configure:7379: $? = 0
configure:7445: gcc -o conftest -g -O2 -DDARWIN_NO_CARBON   conftest.c conftstm.o >&5
configure:7448: $? = 0
configure:7486: result: ok
configure:7523: checking for sysroot
configure:7553: result: no
configure:7809: checking for mt
configure:7839: result: no
configure:7859: checking if : is a manifest tool
configure:7865: : '-?'
configure:7873: result: no
configure:7929: checking for dsymutil
configure:7945: found /usr/bin/dsymutil
configure:7956: result: dsymutil
configure:8021: checking for nmedit
configure:8037: found /usr/bin/nmedit
configure:8048: result: nmedit
configure:8113: checking for lipo
configure:8129: found /usr/bin/lipo
configure:8140: result: lipo
configure:8205: checking for otool
configure:8221: found /usr/bin/otool
configure:8232: result: otool
configure:8297: checking for otool64
configure:8327: result: no
configure:8372: checking for -single_module linker flag
gcc -g -O2 -DDARWIN_NO_CARBON  -o libconftest.dylib -dynamiclib -Wl,-single_module conftest.c
configure:8405: result: yes
configure:8408: checking for -exported_symbols_list linker flag
configure:8428: gcc -o conftest -g -O2 -DDARWIN_NO_CARBON   -Wl,-exported_symbols_list,conftest.sym conftest.c  >&5
configure:8428: $? = 0
configure:8438: result: yes
configure:8441: checking for -force_load linker flag
gcc -g -O2 -DDARWIN_NO_CARBON -c -o conftest.o conftest.c
ar cru libconftest.a conftest.o
ranlib libconftest.a
gcc -g -O2 -DDARWIN_NO_CARBON  -o conftest conftest.c -Wl,-force_load,./libconftest.a
configure:8473: result: yes
configure:8512: checking for dlfcn.h
configure:8512: gcc -c -g -O2 -DDARWIN_NO_CARBON  conftest.c >&5
configure:8512: $? = 0
configure:8512: result: yes
configure:9016: checking for objdir
configure:9031: result: .libs
configure:9298: checking if gcc supports -fno-rtti -fno-exceptions
configure:9316: gcc -c -g -O2 -DDARWIN_NO_CARBON  -fno-rtti -fno-exceptions conftest.c >&5
configure:9320: $? = 0
configure:9333: result: yes
configure:9660: checking for gcc option to produce PIC
configure:9667: result: -fno-common -DPIC
configure:9675: checking if gcc PIC flag -fno-common -DPIC works
configure:9693: gcc -c -g -O2 -DDARWIN_NO_CARBON  -fno-common -DPIC -DPIC conftest.c >&5
configure:9697: $? = 0
configure:9710: result: yes
configure:9739: checking if gcc static flag -static works
configure:9767: result: no
configure:9782: checking if gcc supports -c -o file.o
configure:9803: gcc -c -g -O2 -DDARWIN_NO_CARBON  -o out/conftest2.o conftest.c >&5
configure:9807: $? = 0
configure:9829: result: yes
configure:9837: checking if gcc supports -c -o file.o
configure:9884: result: yes
configure:9917: checking whether the gcc linker (/Applications/Xcode.app/Contents/Developer/Toolchains/XcodeDefault.xctoolchain/usr/bin/ld) supports shared libraries
configure:11070: result: yes
configure:11310: checking dynamic linker characteristics
configure:12043: result: darwin13.0.0 dyld
configure:12150: checking how to hardcode library paths into programs
configure:12175: result: immediate
configure:12715: checking whether stripping libraries is possible
configure:12729: result: yes
configure:12755: checking if libtool supports shared libraries
configure:12757: result: yes
configure:12760: checking whether to build shared libraries
configure:12781: result: yes
configure:12784: checking whether to build static libraries
configure:12788: result: yes
configure:12981: creating ./config.status

## ---------------------- ##
## Running config.status. ##
## ---------------------- ##

This file was extended by FreeType config.status 2.5.2, which was
generated by GNU Autoconf 2.69.  Invocation command line was

  CONFIG_FILES    = 
  CONFIG_HEADERS  = 
  CONFIG_LINKS    = 
  CONFIG_COMMANDS = 
  $ ./config.status 

on ITS18807

config.status:1071: creating unix-cc.mk
config.status:1071: creating unix-def.mk
config.status:1071: creating ftconfig.h
config.status:1260: executing libtool commands

## ---------------- ##
## Cache variables. ##
## ---------------- ##

ac_cv_build=x86_64-apple-darwin13.0.0
ac_cv_c_compiler_gnu=yes
ac_cv_c_const=yes
ac_cv_env_CC_set=
ac_cv_env_CC_value=
ac_cv_env_CFLAGS_set=
ac_cv_env_CFLAGS_value=
ac_cv_env_CPPFLAGS_set=
ac_cv_env_CPPFLAGS_value=
ac_cv_env_CPP_set=
ac_cv_env_CPP_value=
ac_cv_env_LDFLAGS_set=
ac_cv_env_LDFLAGS_value=
ac_cv_env_LIBS_set=
ac_cv_env_LIBS_value=
ac_cv_env_build_alias_set=
ac_cv_env_build_alias_value=
ac_cv_env_host_alias_set=
ac_cv_env_host_alias_value=
ac_cv_env_target_alias_set=
ac_cv_env_target_alias_value=
ac_cv_func_getpagesize=yes
ac_cv_func_memcpy=yes
ac_cv_func_memmove=yes
ac_cv_func_mmap_fixed_mapped=yes
ac_cv_have_decl_munmap=yes
ac_cv_header_bzlib_h=yes
ac_cv_header_dlfcn_h=yes
ac_cv_header_fcntl_h=yes
ac_cv_header_inttypes_h=yes
ac_cv_header_memory_h=yes
ac_cv_header_stdc=yes
ac_cv_header_stdint_h=yes
ac_cv_header_stdlib_h=yes
ac_cv_header_string_h=yes
ac_cv_header_strings_h=yes
ac_cv_header_sys_param_h=yes
ac_cv_header_sys_stat_h=yes
ac_cv_header_sys_types_h=yes
ac_cv_header_unistd_h=yes
ac_cv_header_zlib_h=yes
ac_cv_host=x86_64-apple-darwin13.0.0
ac_cv_lib_bz2_BZ2_bzDecompress=yes
ac_cv_lib_z_gzsetparams=yes
ac_cv_objext=o
ac_cv_path_EGREP='/usr/bin/grep -E'
ac_cv_path_FGREP='/usr/bin/grep -F'
ac_cv_path_GREP=/usr/bin/grep
ac_cv_path_SED=/usr/bin/sed
ac_cv_path_install='/usr/bin/install -c'
ac_cv_prog_AWK=awk
ac_cv_prog_CPP='gcc -E'
ac_cv_prog_RMDIR=rmdir
ac_cv_prog_ac_ct_AR=ar
ac_cv_prog_ac_ct_CC=gcc
ac_cv_prog_ac_ct_DSYMUTIL=dsymutil
ac_cv_prog_ac_ct_LIPO=lipo
ac_cv_prog_ac_ct_NMEDIT=nmedit
ac_cv_prog_ac_ct_OTOOL=otool
ac_cv_prog_ac_ct_RANLIB=ranlib
ac_cv_prog_ac_ct_STRIP=strip
ac_cv_prog_cc_c89=
ac_cv_prog_cc_g=yes
ac_cv_sizeof_int=4
ac_cv_sizeof_long=8
lt_cv_apple_cc_single_mod=yes
lt_cv_ar_at_file=no
lt_cv_deplibs_check_method=pass_all
lt_cv_file_magic_cmd='$MAGIC_CMD'
lt_cv_file_magic_test_file=
lt_cv_ld_exported_symbols_list=yes
lt_cv_ld_force_load=yes
lt_cv_ld_reload_flag=-r
lt_cv_nm_interface='BSD nm'
lt_cv_objdir=.libs
lt_cv_path_LD=/Applications/Xcode.app/Contents/Developer/Toolchains/XcodeDefault.xctoolchain/usr/bin/ld
lt_cv_path_NM=/usr/bin/nm
lt_cv_path_mainfest_tool=no
lt_cv_prog_compiler_c_o=yes
lt_cv_prog_compiler_pic='-fno-common -DPIC'
lt_cv_prog_compiler_pic_works=yes
lt_cv_prog_compiler_rtti_exceptions=yes
lt_cv_prog_compiler_static_works=no
lt_cv_prog_gnu_ld=no
lt_cv_sharedlib_from_linklib_cmd='printf %s\n'
lt_cv_sys_global_symbol_pipe='sed -n -e '\''s/^.*[	 ]\([BCDEGRST][BCDEGRST]*\)[	 ][	 ]*_\([_A-Za-z][_A-Za-z0-9]*\)$/\1 _\2 \2/p'\'' | sed '\''/ __gnu_lto/d'\'''
lt_cv_sys_global_symbol_to_c_name_address='sed -n -e '\''s/^: \([^ ]*\)[ ]*$/  {\"\1\", (void *) 0},/p'\'' -e '\''s/^[BCDEGRST]* \([^ ]*\) \([^ ]*\)$/  {"\2", (void *) \&\2},/p'\'''
lt_cv_sys_global_symbol_to_c_name_address_lib_prefix='sed -n -e '\''s/^: \([^ ]*\)[ ]*$/  {\"\1\", (void *) 0},/p'\'' -e '\''s/^[BCDEGRST]* \([^ ]*\) \(lib[^ ]*\)$/  {"\2", (void *) \&\2},/p'\'' -e '\''s/^[BCDEGRST]* \([^ ]*\) \([^ ]*\)$/  {"lib\2", (void *) \&\2},/p'\'''
lt_cv_sys_global_symbol_to_cdecl='sed -n -e '\''s/^T .* \(.*\)$/extern int \1();/p'\'' -e '\''s/^[BCDEGRST]* .* \(.*\)$/extern char \1;/p'\'''
lt_cv_sys_max_cmd_len=196608
lt_cv_to_host_file_cmd=func_convert_file_noop
lt_cv_to_tool_file_cmd=func_convert_file_noop

## ----------------- ##
## Output variables. ##
## ----------------- ##

AR='ar'
AS='as'
AWK='awk'
CC='gcc'
CC_BUILD='gcc'
CFLAGS='-g -O2 -DDARWIN_NO_CARBON -DFT_CONFIG_OPTION_SYSTEM_ZLIB -DFT_CONFIG_OPTION_USE_BZIP2 -I/opt/X11/include/libpng15 -DFT_CONFIG_OPTION_USE_PNG'
CPP='gcc -E'
CPPFLAGS=''
DEFS='-DHAVE_CONFIG_H'
DLLTOOL='false'
DSYMUTIL='dsymutil'
DUMPBIN=''
ECHO_C='\c'
ECHO_N=''
ECHO_T=''
EGREP='/usr/bin/grep -E'
EXEEXT=''
EXEEXT_BUILD=''
FGREP='/usr/bin/grep -F'
FT2_EXTRA_LIBS=''
FTSYS_SRC='$(BUILD_DIR)/ftsystem.c'
GREP='/usr/bin/grep'
INSTALL_DATA='${INSTALL} -m 644'
INSTALL_PROGRAM='${INSTALL}'
INSTALL_SCRIPT='${INSTALL}'
LD='/Applications/Xcode.app/Contents/Developer/Toolchains/XcodeDefault.xctoolchain/usr/bin/ld'
LDFLAGS=' -lz -lbz2 -L/opt/X11/lib -lpng15'
LIBBZ2='-lbz2'
LIBOBJS=''
LIBPNG='-lpng15'
LIBS=''
LIBTOOL='$(SHELL) $(top_builddir)/libtool'
LIBZ='-lz'
LIPO='lipo'
LN_S='ln -s'
LTLIBOBJS=''
MANIFEST_TOOL=':'
NM='/usr/bin/nm'
NMEDIT='nmedit'
OBJDUMP='false'
OBJEXT='o'
OTOOL64=':'
OTOOL='otool'
PACKAGE_BUGREPORT='freetype@nongnu.org'
PACKAGE_NAME='FreeType'
PACKAGE_STRING='FreeType 2.5.2'
PACKAGE_TARNAME='freetype'
PACKAGE_URL=''
PACKAGE_VERSION='2.5.2'
PATH_SEPARATOR=':'
RANLIB='ranlib'
RMDIR='rmdir'
SED='/usr/bin/sed'
SHELL='/bin/sh'
STRIP='strip'
SYSTEM_ZLIB='yes'
XX_ANSIFLAGS=' -pedantic -ansi'
XX_CFLAGS='-Wall'
ac_ct_AR='ar'
ac_ct_CC='gcc'
ac_ct_DUMPBIN=''
bindir='${exec_prefix}/bin'
build='x86_64-apple-darwin13.0.0'
build_alias=''
build_cpu='x86_64'
build_libtool_libs=''
build_os='darwin13.0.0'
build_vendor='apple'
datadir='${datarootdir}'
datarootdir='${prefix}/share'
docdir='${datarootdir}/doc/${PACKAGE_TARNAME}'
dvidir='${docdir}'
exec_prefix='${prefix}'
ft_version='17.1.11'
ftmac_c=''
hardcode_libdir_flag_spec=''
host='x86_64-apple-darwin13.0.0'
host_alias=''
host_cpu='x86_64'
host_os='darwin13.0.0'
host_vendor='apple'
htmldir='${docdir}'
includedir='${prefix}/include'
infodir='${datarootdir}/info'
libdir='${exec_prefix}/lib'
libexecdir='${exec_prefix}/libexec'
localedir='${datarootdir}/locale'
localstatedir='${prefix}/var'
mandir='${datarootdir}/man'
oldincludedir='/usr/include'
pdfdir='${docdir}'
prefix='/usr/local'
program_transform_name='s,x,x,'
psdir='${docdir}'
sbindir='${exec_prefix}/sbin'
sharedstatedir='${prefix}/com'
sysconfdir='${prefix}/etc'
target_alias=''
version_info='17:1:11'
wl='-Wl,'

## ----------- ##
## confdefs.h. ##
## ----------- ##

/* confdefs.h */
#define PACKAGE_NAME "FreeType"
#define PACKAGE_TARNAME "freetype"
#define PACKAGE_VERSION "2.5.2"
#define PACKAGE_STRING "FreeType 2.5.2"
#define PACKAGE_BUGREPORT "freetype@nongnu.org"
#define PACKAGE_URL ""
#define STDC_HEADERS 1
#define HAVE_SYS_TYPES_H 1
#define HAVE_SYS_STAT_H 1
#define HAVE_STDLIB_H 1
#define HAVE_STRING_H 1
#define HAVE_MEMORY_H 1
#define HAVE_STRINGS_H 1
#define HAVE_INTTYPES_H 1
#define HAVE_STDINT_H 1
#define HAVE_UNISTD_H 1
#define HAVE_FCNTL_H 1
#define HAVE_UNISTD_H 1
#define SIZEOF_INT 4
#define SIZEOF_LONG 8
#define HAVE_STDLIB_H 1
#define HAVE_UNISTD_H 1
#define HAVE_SYS_PARAM_H 1
#define HAVE_GETPAGESIZE 1
#define HAVE_MMAP 1
#define HAVE_DECL_MUNMAP 1
#define MUNMAP_USES_VOIDP /**/
#define HAVE_MEMCPY 1
#define HAVE_MEMMOVE 1
#define HAVE_DLFCN_H 1
#define LT_OBJDIR ".libs/"

configure: exit 0
